Case #1:    101
Case #2:    100
Case #3: 379.7420306226183
Case #4: 1000000000
Case #5: 3712.912816972307
Case #6: 564.3743099960922
Case #7: 159.42995931271986
Case #8: 526.0019988075945
Case #9: 121.47657514436074
Case #10: 273.7344513557117
Case #11:      2
Case #12: 1021.4305262396464
Case #13: 144.44364977660163
Case #14: 840.8213105090789
Case #15: 10000.00001
Case #16: 2147.7266354451535
Case #17: 1098.770441666993
Case #18: 87.00000130500064
Case #19: 1.0513644081606905
Case #20: 255.58404034141194
Case #21: -55.9925076535138
Case #22: 1.0513644081606905
Case #23: 1.0524210947284227
Case #24: -177.34764863499208
Case #25: 403.12207770244095
Case #26:  20000
Case #27: 1665.7114022631936
Case #28: 1.0514860126073173
Case #29: 989999999.999999
Case #30: 149.54570574092878
Case #31: 5841.453912960995
Case #32: 2250.3104813280925
Case #33: 27.615852268968105
Case #34: 7267.397519020563
Case #35: 1256.932926786155
Case #36: 144.04025289074548
Case #37: 8287.9114624072
Case #38:     10
Case #39: 50.868280372038555
Case #40: 39941.56247727608
Case #41: 1205.8295800054723
Case #42: 304298.2269927254
Case #43: 344.05082177296146
Case #44: 22.404049603448232
Case #45: 3478.1813123276065
Case #46: 859.6122812403428
Case #47: 10000000000000
Case #48: 100000
Case #49: 1000000000
Case #50: 4821.340726922043
Case #51: 272.51374379795175
Case #52: 32640.40248045545
Case #53: 480.82145954601697
Case #54: 251.25990605355315
Case #55: 1.0526094187490789
Case #56: 2466.023733922974
Case #57: 17.90479559520735
Case #58: 1010000000
Case #59: 1639.735999593048
Case #60: 16.593335656794988
Case #61: 2062.717901632067
Case #62: 1.0521498050892486
Case #63: 26.245729536387795
Case #64: 449.4776568639448
Case #65: 88.08749215030332
Case #66: 1.052299273913501
Case #67: 305.0467320649275
Case #68: 542.6861376698325
Case #69: 226.83360373057008
Case #70: 1025.830818514476
Case #71: 1.052133200063128
Case #72: 219.88060045767625
Case #73: 1.0517071836859182
Case #74: 97.50838030886017
Case #75: 31.415102219819516
Case #76: 301.2174382951292
Case #77: 1.0516850623912164
Case #78: 368.5706872116446
Case #79: 3028.2156522684527
Case #80: 1.000000001
Case #81: 299.5931834047764
Case #82: 27.789532425863555
Case #83: 97.6860065423541
Case #84: 37.39844233950733
Case #85: 3545.799451849738
Case #86: 2306.8904276223
Case #87: 326.9877764016796
Case #88: 764.7765967070744
Case #89: 3113.5648496734875
Case #90: 5923.189048596851
Case #91: 734.2612013126673
Case #92: 118.15978379499106
Case #93: 133.92779911955128
Case #94: 8.26884758126689
Case #95: 470.7103466082466
Case #96: 77.81583817228871
Case #97: 44.33608188479255
Case #98: 2485.9102289236093
Case #99: 47.26874643271243
Case #100: 1.052576180201042
