Case #1: -1 1
Case #2: -3 2
Case #3: 1000000000000000000000000 1
Case #4: 1 1
Case #5: 0 1
Case #6: 6272 1
Case #7: 79870931565 233
Case #8: -223184 119945
Case #9: 0 1
Case #10: 24904244577127154983 42350895120240
Case #11: 82176242728 431
Case #12: 6587819252858 813
Case #13: 1583155703166058921 3784572406296
Case #14: -3016889183 6612840
Case #15: -3109985458814976 5
Case #16: 122188652 169
Case #17: 46813486336544 403831575
Case #18: 2562730048733537 82324260
Case #19: 479139294060 1
Case #20: 0 1
Case #21: 4137579992 1
Case #22: 952809528 31
Case #23: 0 1
Case #24: -55392 8897
Case #25: 53499144987288 19
Case #26: 85008 1
Case #27: 35695943807251968 379
Case #28: 9912373482 1
Case #29: 588355230690 1
Case #30: 7146737290283976 139
Case #31: 5667588950 64291
Case #32: 33047641 141243
Case #33: -1419 1
Case #34: -1 1000000000000000000000000000000000000000000
Case #35: 10754781723 24742
Case #36: 65640288 73
Case #37: 47108064246048 865
Case #38: 89569350 1
Case #39: -199314999 1175
Case #40: 11572578941243863347 964994624
Case #41: 370629 2
Case #42: 380283 764
Case #43: 1645 1
Case #44: 7117987610400 317
Case #45: 197082972 1
Case #46: 16888872000 1
Case #47: 1000000000000000000000000000000000000000000000000 1
Case #48: 18071242 571
Case #49: 1510967520000 215336160529
Case #50: 5504531884 25429
Case #51: -444323968 7181023
Case #52: 189380020050266374400 180681
Case #53: -42000 1
Case #54: 15708621209 21904383
Case #55: 200816616 1
Case #56: -52612560 1
Case #57: 6123071306 115
Case #58: 247174117329297424541184 160500577
Case #59: -53908691535648 1
Case #60: 119611701 887
Case #61: 94836379748395 18519808
Case #62: 0 1
Case #63: 179643 1
Case #64: 7601959811902826656 1678887
Case #65: 0 1
Case #66: 25607232 1
Case #67: -24335850 1
Case #68: 4775291958 79
Case #69: 66541925857 90806800
Case #70: 491981631946951164975 26762827
Case #71: 69146587606754573 129722164
Case #72: 10560 1
Case #73: 24847799760 1
Case #74: 84318 1
Case #75: 404952864624 14687
Case #76: 1727 1
Case #77: 0 1
Case #78: 389773395 1
Case #79: 0 1
Case #80: -353862531680 843
Case #81: 35368439 26012
Case #82: -3301961 252551040
Case #83: 0 1
Case #84: 2005258834216 24274419
Case #85: 46576371004651 1
Case #86: 1467887616 137
Case #87: 14418 1
Case #88: -1883460923136 17525
Case #89: 25124577709844228 16690081
Case #90: 6169914313236480 899
Case #91: 20 1
Case #92: 66750 1
Case #93: -61975 17
Case #94: 41447095620096 1
Case #95: -1000000000000000000000000000000000000000000000000 1
Case #96: 0 1
Case #97: 0 1
Case #98: -2456300 71
Case #99: 1540609449148 19
Case #100: 34452403 258496
