Case #2: 6 4
+ 1 1
x 1 2
x 2 1
+ 2 2

Case #3: 3 1
o 1 1

Case #4: 9 5
+ 1 1
x 1 3
x 2 2
x 3 1
+ 3 3

Case #5: 61 21
+ 1 1
x 2 20
x 3 19
x 4 18
x 5 17
x 6 16
x 7 15
x 8 13
x 9 12
x 10 11
x 11 10
x 12 9
x 13 8
x 14 7
x 15 6
x 16 5
x 17 4
x 18 3
x 19 2
x 20 1
+ 20 20

Case #6: 88 30
+ 1 1
x 2 29
x 3 28
x 4 27
x 5 26
x 6 25
x 7 24
x 8 23
x 9 22
x 10 21
x 11 20
x 12 19
x 13 18
x 14 17
x 15 16
x 16 15
x 17 14
x 18 13
x 19 12
x 20 11
x 21 10
x 22 9
x 23 8
x 24 7
x 25 6
x 26 4
x 27 3
x 28 2
x 29 1
+ 29 29

Case #7: 300 102
+ 1 1
x 1 100
x 2 99
x 3 98
x 4 97
x 5 96
x 6 95
x 7 94
x 8 93
x 9 92
x 10 91
x 11 90
x 12 89
x 13 88
x 14 87
x 15 86
x 16 85
x 17 84
x 18 83
x 19 82
x 20 81
x 21 80
x 22 79
x 23 78
x 24 77
x 25 76
x 26 75
x 27 74
x 28 73
x 29 72
x 30 71
x 31 70
x 32 69
x 33 68
x 34 67
x 35 66
x 36 65
x 37 64
x 38 63
x 39 62
x 40 61
x 41 60
x 42 59
x 43 58
x 44 57
x 45 56
x 46 55
x 47 54
x 48 53
x 49 52
x 50 51
x 51 50
x 52 49
x 53 48
x 54 47
x 55 46
x 56 45
x 57 44
x 58 43
x 59 42
x 60 41
x 61 40
x 62 39
x 63 38
x 64 37
x 65 36
x 66 35
x 67 34
x 68 33
x 69 32
x 70 31
x 71 30
x 72 29
x 73 28
x 74 27
x 75 26
x 76 25
x 77 24
x 78 23
x 79 22
x 80 21
x 81 20
x 82 19
x 83 18
x 84 17
x 85 16
x 86 15
x 87 14
x 88 13
x 89 12
x 90 11
x 91 10
x 92 9
x 93 8
x 94 7
x 95 6
x 96 5
x 97 4
x 98 3
x 99 2
x 100 1
+ 100 100

Case #8: 265 89
+ 1 1
x 2 88
x 3 87
x 4 86
x 5 85
x 6 84
x 7 83
x 8 82
x 9 81
x 10 80
x 11 79
x 12 78
x 13 77
x 14 76
x 15 75
x 16 74
x 17 73
x 18 72
x 19 71
x 20 70
x 21 69
x 22 68
x 23 67
x 24 66
x 25 65
x 26 64
x 27 63
x 28 62
x 29 61
x 30 60
x 31 59
x 32 58
x 33 57
x 34 56
x 35 55
x 36 54
x 37 53
x 38 52
x 39 51
x 40 50
x 41 49
x 42 48
x 43 47
x 44 46
x 45 45
x 46 44
x 47 43
x 48 42
x 49 41
x 50 40
x 51 39
x 52 38
x 53 37
x 54 36
x 55 35
x 56 34
x 57 33
x 58 32
x 59 31
x 60 30
x 61 29
x 62 28
x 63 27
x 64 26
x 65 25
x 66 23
x 67 22
x 68 21
x 69 20
x 70 19
x 71 18
x 72 17
x 73 16
x 74 15
x 75 14
x 76 13
x 77 12
x 78 11
x 79 10
x 80 9
x 81 8
x 82 7
x 83 6
x 84 5
x 85 4
x 86 3
x 87 2
x 88 1
+ 88 88

Case #9: 301 101
+ 1 1
x 2 100
x 3 99
x 4 97
x 5 96
x 6 95
x 7 94
x 8 93
x 9 92
x 10 91
x 11 90
x 12 89
x 13 88
x 14 87
x 15 86
x 16 85
x 17 84
x 18 83
x 19 82
x 20 81
x 21 80
x 22 79
x 23 78
x 24 77
x 25 76
x 26 75
x 27 74
x 28 73
x 29 72
x 30 71
x 31 70
x 32 69
x 33 68
x 34 67
x 35 66
x 36 65
x 37 64
x 38 63
x 39 62
x 40 61
x 41 60
x 42 59
x 43 58
x 44 57
x 45 56
x 46 55
x 47 54
x 48 53
x 49 52
x 50 51
x 51 50
x 52 49
x 53 48
x 54 47
x 55 46
x 56 45
x 57 44
x 58 43
x 59 42
x 60 41
x 61 40
x 62 39
x 63 38
x 64 37
x 65 36
x 66 35
x 67 34
x 68 33
x 69 32
x 70 31
x 71 30
x 72 29
x 73 28
x 74 27
x 75 26
x 76 25
x 77 24
x 78 23
x 79 22
x 80 21
x 81 20
x 82 19
x 83 18
x 84 17
x 85 16
x 86 15
x 87 14
x 88 13
x 89 12
x 90 11
x 91 10
x 92 9
x 93 8
x 94 7
x 95 6
x 96 5
x 97 4
x 98 3
x 99 2
x 100 1
+ 100 100

Case #10: 301 101
o 1 1
x 2 100
x 3 99
x 4 98
x 5 97
x 6 96
x 7 95
x 8 94
x 9 93
x 10 92
x 11 91
x 12 90
x 13 89
x 14 88
x 15 87
x 16 86
x 17 85
x 18 84
x 19 83
x 20 82
x 21 81
x 22 80
x 23 79
x 24 78
x 25 77
x 26 76
x 27 75
x 28 74
x 29 73
x 30 72
x 31 71
x 32 70
x 33 69
x 34 68
x 35 67
x 36 66
x 37 65
x 38 64
x 39 63
x 40 62
x 41 61
x 42 60
x 43 59
x 44 58
x 45 57
x 46 56
x 47 55
x 48 54
x 49 53
x 50 52
x 51 51
x 52 50
x 53 49
x 54 48
x 55 47
x 56 46
x 57 45
x 58 44
x 59 43
x 60 42
x 61 41
x 62 40
x 63 39
x 64 38
x 65 37
x 66 36
x 67 35
x 68 34
x 69 33
x 70 32
x 71 31
x 72 30
x 73 29
x 74 28
x 75 27
x 76 26
x 77 25
x 78 24
x 79 23
x 80 22
x 81 21
x 82 20
x 83 19
x 84 18
x 85 17
x 86 16
x 87 15
x 88 14
x 89 13
x 90 12
x 91 11
x 92 10
x 93 9
x 94 8
x 95 7
x 96 6
x 97 5
x 98 4
x 99 3
x 100 2
+ 100 100

Case #11: 85 29
+ 1 1
x 2 28
x 3 27
x 4 25
x 5 24
x 6 23
x 7 22
x 8 21
x 9 20
x 10 19
x 11 18
x 12 17
x 13 16
x 14 15
x 15 14
x 16 13
x 17 12
x 18 11
x 19 10
x 20 9
x 21 8
x 22 7
x 23 6
x 24 5
x 25 4
x 26 3
x 27 2
x 28 1
+ 28 28

Case #12: 300 102
+ 1 1
x 1 100
x 2 99
x 3 98
x 4 97
x 5 96
x 6 95
x 7 94
x 8 93
x 9 92
x 10 91
x 11 90
x 12 89
x 13 88
x 14 87
x 15 86
x 16 85
x 17 84
x 18 83
x 19 82
x 20 81
x 21 80
x 22 79
x 23 78
x 24 77
x 25 76
x 26 75
x 27 74
x 28 73
x 29 72
x 30 71
x 31 70
x 32 69
x 33 68
x 34 67
x 35 66
x 36 65
x 37 64
x 38 63
x 39 62
x 40 61
x 41 60
x 42 59
x 43 58
x 44 57
x 45 56
x 46 55
x 47 54
x 48 53
x 49 52
x 50 51
x 51 50
x 52 49
x 53 48
x 54 47
x 55 46
x 56 45
x 57 44
x 58 43
x 59 42
x 60 41
x 61 40
x 62 39
x 63 38
x 64 37
x 65 36
x 66 35
x 67 34
x 68 33
x 69 32
x 70 31
x 71 30
x 72 29
x 73 28
x 74 27
x 75 26
x 76 25
x 77 24
x 78 23
x 79 22
x 80 21
x 81 20
x 82 19
x 83 18
x 84 17
x 85 16
x 86 15
x 87 14
x 88 13
x 89 12
x 90 11
x 91 10
x 92 9
x 93 8
x 94 7
x 95 6
x 96 5
x 97 4
x 98 3
x 99 2
x 100 1
+ 100 100

Case #13: 301 101
+ 1 1
x 2 100
x 3 99
x 4 98
x 5 97
x 6 96
x 7 95
x 8 94
x 9 93
x 10 92
x 11 91
x 12 90
x 13 89
x 14 88
x 15 87
x 16 86
x 17 85
x 18 84
x 19 83
x 20 82
x 21 81
x 22 80
x 23 79
x 24 78
x 25 77
x 26 76
x 27 75
x 28 74
x 29 73
x 30 72
x 31 71
x 32 70
x 33 69
x 34 68
x 35 67
x 36 66
x 37 65
x 38 64
x 39 63
x 40 62
x 41 61
x 42 60
x 43 59
x 44 58
x 45 57
x 46 56
x 47 55
x 48 54
x 49 53
x 50 52
x 51 51
x 52 50
x 53 49
x 54 48
x 55 47
x 56 46
x 57 45
x 58 44
x 59 43
x 60 42
x 61 41
x 62 40
x 63 39
x 64 38
x 65 37
x 66 36
x 67 35
x 68 34
x 69 32
x 70 31
x 71 30
x 72 29
x 73 28
x 74 27
x 75 26
x 76 25
x 77 24
x 78 23
x 79 22
x 80 21
x 81 20
x 82 19
x 83 18
x 84 17
x 85 16
x 86 15
x 87 14
x 88 13
x 89 12
x 90 11
x 91 10
x 92 9
x 93 8
x 94 7
x 95 6
x 96 5
x 97 4
x 98 3
x 99 2
x 100 1
+ 100 100

Case #14: 301 101
+ 1 1
x 2 100
x 3 99
x 4 98
x 5 97
x 6 96
x 7 95
x 8 94
x 9 93
x 10 92
x 11 91
x 12 90
x 13 89
x 14 88
x 15 87
x 16 86
x 17 85
x 18 84
x 19 83
x 20 82
x 21 81
x 22 80
x 23 79
x 24 78
x 25 77
x 26 76
x 27 75
x 28 74
x 29 73
x 30 72
x 31 71
x 32 70
x 33 68
x 34 67
x 35 66
x 36 65
x 37 64
x 38 63
x 39 62
x 40 61
x 41 60
x 42 59
x 43 58
x 44 57
x 45 56
x 46 55
x 47 54
x 48 53
x 49 52
x 50 51
x 51 50
x 52 49
x 53 48
x 54 47
x 55 46
x 56 45
x 57 44
x 58 43
x 59 42
x 60 41
x 61 40
x 62 39
x 63 38
x 64 37
x 65 36
x 66 35
x 67 34
x 68 33
x 69 32
x 70 31
x 71 30
x 72 29
x 73 28
x 74 27
x 75 26
x 76 25
x 77 24
x 78 23
x 79 22
x 80 21
x 81 20
x 82 19
x 83 18
x 84 17
x 85 16
x 86 15
x 87 14
x 88 13
x 89 12
x 90 11
x 91 10
x 92 9
x 93 8
x 94 7
x 95 6
x 96 5
x 97 4
x 98 3
x 99 2
x 100 1
+ 100 100

Case #15: 163 55
+ 1 1
x 2 54
x 3 53
x 4 52
x 5 51
x 6 50
x 7 49
x 8 48
x 9 47
x 10 46
x 11 45
x 12 44
x 13 43
x 14 42
x 15 41
x 16 40
x 17 39
x 18 37
x 19 36
x 20 35
x 21 34
x 22 33
x 23 32
x 24 31
x 25 30
x 26 29
x 27 28
x 28 27
x 29 26
x 30 25
x 31 24
x 32 23
x 33 22
x 34 21
x 35 20
x 36 19
x 37 18
x 38 17
x 39 16
x 40 15
x 41 14
x 42 13
x 43 12
x 44 11
x 45 10
x 46 9
x 47 8
x 48 7
x 49 6
x 50 5
x 51 4
x 52 3
x 53 2
x 54 1
+ 54 54

Case #16: 301 101
+ 1 1
x 2 100
x 3 99
x 4 98
x 5 97
x 6 96
x 7 95
x 8 94
x 9 93
x 10 92
x 11 91
x 12 90
x 13 89
x 14 88
x 15 87
x 16 86
x 17 84
x 18 83
x 19 82
x 20 81
x 21 80
x 22 79
x 23 78
x 24 77
x 25 76
x 26 75
x 27 74
x 28 73
x 29 72
x 30 71
x 31 70
x 32 69
x 33 68
x 34 67
x 35 66
x 36 65
x 37 64
x 38 63
x 39 62
x 40 61
x 41 60
x 42 59
x 43 58
x 44 57
x 45 56
x 46 55
x 47 54
x 48 53
x 49 52
x 50 51
x 51 50
x 52 49
x 53 48
x 54 47
x 55 46
x 56 45
x 57 44
x 58 43
x 59 42
x 60 41
x 61 40
x 62 39
x 63 38
x 64 37
x 65 36
x 66 35
x 67 34
x 68 33
x 69 32
x 70 31
x 71 30
x 72 29
x 73 28
x 74 27
x 75 26
x 76 25
x 77 24
x 78 23
x 79 22
x 80 21
x 81 20
x 82 19
x 83 18
x 84 17
x 85 16
x 86 15
x 87 14
x 88 13
x 89 12
x 90 11
x 91 10
x 92 9
x 93 8
x 94 7
x 95 6
x 96 5
x 97 4
x 98 3
x 99 2
x 100 1
+ 100 100

Case #17: 300 102
+ 1 1
x 1 100
x 2 99
x 3 98
x 4 97
x 5 96
x 6 95
x 7 94
x 8 93
x 9 92
x 10 91
x 11 90
x 12 89
x 13 88
x 14 87
x 15 86
x 16 85
x 17 84
x 18 83
x 19 82
x 20 81
x 21 80
x 22 79
x 23 78
x 24 77
x 25 76
x 26 75
x 27 74
x 28 73
x 29 72
x 30 71
x 31 70
x 32 69
x 33 68
x 34 67
x 35 66
x 36 65
x 37 64
x 38 63
x 39 62
x 40 61
x 41 60
x 42 59
x 43 58
x 44 57
x 45 56
x 46 55
x 47 54
x 48 53
x 49 52
x 50 51
x 51 50
x 52 49
x 53 48
x 54 47
x 55 46
x 56 45
x 57 44
x 58 43
x 59 42
x 60 41
x 61 40
x 62 39
x 63 38
x 64 37
x 65 36
x 66 35
x 67 34
x 68 33
x 69 32
x 70 31
x 71 30
x 72 29
x 73 28
x 74 27
x 75 26
x 76 25
x 77 24
x 78 23
x 79 22
x 80 21
x 81 20
x 82 19
x 83 18
x 84 17
x 85 16
x 86 15
x 87 14
x 88 13
x 89 12
x 90 11
x 91 10
x 92 9
x 93 8
x 94 7
x 95 6
x 96 5
x 97 4
x 98 3
x 99 2
x 100 1
+ 100 100

Case #18: 172 58
+ 1 1
x 2 57
x 3 56
x 4 55
x 5 54
x 6 53
x 7 52
x 8 51
x 9 50
x 10 49
x 11 48
x 12 47
x 13 46
x 14 45
x 15 44
x 16 43
x 17 42
x 18 41
x 19 40
x 20 39
x 21 38
x 22 37
x 23 36
x 24 35
x 25 34
x 26 33
x 27 32
x 28 31
x 29 30
x 30 29
x 31 28
x 32 27
x 33 26
x 34 25
x 35 24
x 36 23
x 37 22
x 38 21
x 39 20
x 40 19
x 41 18
x 42 17
x 43 16
x 44 15
x 45 14
x 46 12
x 47 11
x 48 10
x 49 9
x 50 8
x 51 7
x 52 6
x 53 5
x 54 4
x 55 3
x 56 2
x 57 1
+ 57 57

Case #19: 300 102
+ 1 1
x 1 100
x 2 99
x 3 98
x 4 97
x 5 96
x 6 95
x 7 94
x 8 93
x 9 92
x 10 91
x 11 90
x 12 89
x 13 88
x 14 87
x 15 86
x 16 85
x 17 84
x 18 83
x 19 82
x 20 81
x 21 80
x 22 79
x 23 78
x 24 77
x 25 76
x 26 75
x 27 74
x 28 73
x 29 72
x 30 71
x 31 70
x 32 69
x 33 68
x 34 67
x 35 66
x 36 65
x 37 64
x 38 63
x 39 62
x 40 61
x 41 60
x 42 59
x 43 58
x 44 57
x 45 56
x 46 55
x 47 54
x 48 53
x 49 52
x 50 51
x 51 50
x 52 49
x 53 48
x 54 47
x 55 46
x 56 45
x 57 44
x 58 43
x 59 42
x 60 41
x 61 40
x 62 39
x 63 38
x 64 37
x 65 36
x 66 35
x 67 34
x 68 33
x 69 32
x 70 31
x 71 30
x 72 29
x 73 28
x 74 27
x 75 26
x 76 25
x 77 24
x 78 23
x 79 22
x 80 21
x 81 20
x 82 19
x 83 18
x 84 17
x 85 16
x 86 15
x 87 14
x 88 13
x 89 12
x 90 11
x 91 10
x 92 9
x 93 8
x 94 7
x 95 6
x 96 5
x 97 4
x 98 3
x 99 2
x 100 1
+ 100 100

Case #20: 2 1
o 1 1

Case #21: 301 101
+ 1 1
x 2 100
x 3 99
x 4 98
x 5 97
x 6 96
x 7 95
x 8 94
x 9 93
x 10 92
x 11 91
x 12 90
x 13 89
x 14 88
x 15 87
x 16 86
x 17 85
x 18 84
x 19 83
x 20 82
x 21 81
x 22 80
x 23 79
x 24 78
x 25 77
x 26 76
x 27 75
x 28 74
x 29 73
x 30 72
x 31 71
x 32 70
x 33 69
x 34 68
x 35 67
x 36 66
x 37 65
x 38 64
x 39 63
x 40 62
x 41 61
x 42 60
x 43 59
x 44 58
x 45 57
x 46 56
x 47 55
x 48 54
x 49 53
x 50 52
x 51 51
x 52 50
x 53 49
x 54 48
x 55 47
x 56 46
x 57 45
x 58 44
x 59 43
x 60 42
x 61 41
x 62 40
x 63 39
x 64 38
x 65 37
x 66 36
x 67 35
x 68 34
x 69 33
x 70 32
x 71 31
x 72 30
x 73 29
x 74 28
x 75 27
x 76 26
x 77 25
x 78 24
x 79 23
x 80 22
x 81 21
x 82 20
x 83 19
x 84 18
x 85 17
x 86 16
x 87 15
x 88 14
x 89 13
x 90 12
x 91 11
x 92 10
x 93 9
x 94 8
x 95 7
x 96 6
x 97 5
x 98 4
x 99 3
x 100 1
+ 100 100

Case #22: 301 101
+ 1 1
x 2 100
x 3 99
x 4 98
x 5 97
x 6 96
x 7 95
x 8 94
x 9 93
x 10 92
x 11 91
x 12 90
x 13 89
x 14 88
x 15 87
x 16 86
x 17 85
x 18 84
x 19 83
x 20 82
x 21 81
x 22 80
x 23 79
x 24 78
x 25 77
x 26 76
x 27 75
x 28 74
x 29 73
x 30 72
x 31 71
x 32 70
x 33 69
x 34 68
x 35 67
x 36 66
x 37 65
x 38 64
x 39 63
x 40 62
x 41 61
x 42 60
x 43 59
x 44 58
x 45 57
x 46 56
x 47 55
x 48 54
x 49 53
x 50 52
x 51 51
x 52 50
x 53 49
x 54 48
x 55 47
x 56 46
x 57 45
x 58 44
x 59 43
x 60 42
x 61 41
x 62 40
x 63 39
x 64 38
x 65 37
x 66 36
x 67 35
x 68 34
x 69 33
x 70 32
x 71 31
x 72 30
x 73 29
x 74 28
x 75 27
x 76 26
x 77 25
x 78 24
x 79 23
x 80 22
x 81 21
x 82 20
x 83 19
x 84 18
x 85 17
x 86 16
x 87 15
x 88 14
x 89 13
x 90 12
x 91 11
x 92 10
x 93 9
x 94 8
x 95 7
x 96 6
x 97 5
x 98 4
x 99 3
x 100 1
+ 100 100

Case #23: 301 102
+ 1 1
+ 1 3
x 2 100
x 3 98
x 4 97
x 5 96
x 6 95
x 7 94
x 8 93
x 9 92
x 10 91
x 11 90
x 12 89
x 13 88
x 14 87
x 15 86
x 16 85
x 17 84
x 18 83
x 19 82
x 20 81
x 21 80
x 22 79
x 23 78
x 24 77
x 25 76
x 26 75
x 27 74
x 28 73
x 29 72
x 30 71
x 31 70
x 32 69
x 33 68
x 34 67
x 35 66
x 36 65
x 37 64
x 38 63
x 39 62
x 40 61
x 41 60
x 42 59
x 43 58
x 44 57
x 45 56
x 46 55
x 47 54
x 48 53
x 49 52
x 50 51
x 51 50
x 52 49
x 53 48
x 54 47
x 55 46
x 56 45
x 57 44
x 58 43
x 59 42
x 60 41
x 61 40
x 62 39
x 63 38
x 64 37
x 65 36
x 66 35
x 67 34
x 68 33
x 69 32
x 70 31
x 71 30
x 72 29
x 73 28
x 74 27
x 75 26
x 76 25
x 77 24
x 78 23
x 79 22
x 80 21
x 81 20
x 82 19
x 83 18
x 84 17
x 85 16
x 86 15
x 87 14
x 88 13
x 89 12
x 90 11
x 91 10
x 92 9
x 93 8
x 94 7
x 95 6
x 96 5
x 97 4
x 98 3
x 99 2
x 100 1
+ 100 100

Case #24: 301 101
+ 1 1
x 2 100
x 3 99
x 4 98
x 5 97
x 6 96
x 7 95
x 8 94
x 9 93
x 10 92
x 11 91
x 12 90
x 13 89
x 14 88
x 15 87
x 16 86
x 17 85
x 18 84
x 19 83
x 20 82
x 21 81
x 22 80
x 23 79
x 24 78
x 25 77
x 26 76
x 27 75
x 28 74
x 29 73
x 30 72
x 31 71
x 32 70
x 33 69
x 34 68
x 35 67
x 36 66
x 37 65
x 38 64
x 39 63
x 40 62
x 41 61
x 42 60
x 43 59
x 44 58
x 45 57
x 46 56
x 47 55
x 48 54
x 49 53
x 50 52
x 51 51
x 52 50
x 53 49
x 54 48
x 55 47
x 56 46
x 57 45
x 58 44
x 59 43
x 60 42
x 61 40
x 62 39
x 63 38
x 64 37
x 65 36
x 66 35
x 67 34
x 68 33
x 69 32
x 70 31
x 71 30
x 72 29
x 73 28
x 74 27
x 75 26
x 76 25
x 77 24
x 78 23
x 79 22
x 80 21
x 81 20
x 82 19
x 83 18
x 84 17
x 85 16
x 86 15
x 87 14
x 88 13
x 89 12
x 90 11
x 91 10
x 92 9
x 93 8
x 94 7
x 95 6
x 96 5
x 97 4
x 98 3
x 99 2
x 100 1
+ 100 100

Case #25: 300 102
+ 1 1
x 1 100
x 2 99
x 3 98
x 4 97
x 5 96
x 6 95
x 7 94
x 8 93
x 9 92
x 10 91
x 11 90
x 12 89
x 13 88
x 14 87
x 15 86
x 16 85
x 17 84
x 18 83
x 19 82
x 20 81
x 21 80
x 22 79
x 23 78
x 24 77
x 25 76
x 26 75
x 27 74
x 28 73
x 29 72
x 30 71
x 31 70
x 32 69
x 33 68
x 34 67
x 35 66
x 36 65
x 37 64
x 38 63
x 39 62
x 40 61
x 41 60
x 42 59
x 43 58
x 44 57
x 45 56
x 46 55
x 47 54
x 48 53
x 49 52
x 50 51
x 51 50
x 52 49
x 53 48
x 54 47
x 55 46
x 56 45
x 57 44
x 58 43
x 59 42
x 60 41
x 61 40
x 62 39
x 63 38
x 64 37
x 65 36
x 66 35
x 67 34
x 68 33
x 69 32
x 70 31
x 71 30
x 72 29
x 73 28
x 74 27
x 75 26
x 76 25
x 77 24
x 78 23
x 79 22
x 80 21
x 81 20
x 82 19
x 83 18
x 84 17
x 85 16
x 86 15
x 87 14
x 88 13
x 89 12
x 90 11
x 91 10
x 92 9
x 93 8
x 94 7
x 95 6
x 96 5
x 97 4
x 98 3
x 99 2
x 100 1
+ 100 100

Case #26: 300 102
+ 1 1
x 1 100
x 2 99
x 3 98
x 4 97
x 5 96
x 6 95
x 7 94
x 8 93
x 9 92
x 10 91
x 11 90
x 12 89
x 13 88
x 14 87
x 15 86
x 16 85
x 17 84
x 18 83
x 19 82
x 20 81
x 21 80
x 22 79
x 23 78
x 24 77
x 25 76
x 26 75
x 27 74
x 28 73
x 29 72
x 30 71
x 31 70
x 32 69
x 33 68
x 34 67
x 35 66
x 36 65
x 37 64
x 38 63
x 39 62
x 40 61
x 41 60
x 42 59
x 43 58
x 44 57
x 45 56
x 46 55
x 47 54
x 48 53
x 49 52
x 50 51
x 51 50
x 52 49
x 53 48
x 54 47
x 55 46
x 56 45
x 57 44
x 58 43
x 59 42
x 60 41
x 61 40
x 62 39
x 63 38
x 64 37
x 65 36
x 66 35
x 67 34
x 68 33
x 69 32
x 70 31
x 71 30
x 72 29
x 73 28
x 74 27
x 75 26
x 76 25
x 77 24
x 78 23
x 79 22
x 80 21
x 81 20
x 82 19
x 83 18
x 84 17
x 85 16
x 86 15
x 87 14
x 88 13
x 89 12
x 90 11
x 91 10
x 92 9
x 93 8
x 94 7
x 95 6
x 96 5
x 97 4
x 98 3
x 99 2
x 100 1
+ 100 100

Case #27: 301 102
+ 1 1
+ 1 2
x 2 99
x 3 98
x 4 97
x 5 96
x 6 95
x 7 94
x 8 93
x 9 92
x 10 91
x 11 90
x 12 89
x 13 88
x 14 87
x 15 86
x 16 85
x 17 84
x 18 83
x 19 82
x 20 81
x 21 80
x 22 79
x 23 78
x 24 77
x 25 76
x 26 75
x 27 74
x 28 73
x 29 72
x 30 71
x 31 70
x 32 69
x 33 68
x 34 67
x 35 66
x 36 65
x 37 64
x 38 63
x 39 62
x 40 61
x 41 60
x 42 59
x 43 58
x 44 57
x 45 56
x 46 55
x 47 54
x 48 53
x 49 52
x 50 51
x 51 50
x 52 49
x 53 48
x 54 47
x 55 46
x 56 45
x 57 44
x 58 43
x 59 42
x 60 41
x 61 40
x 62 39
x 63 38
x 64 37
x 65 36
x 66 35
x 67 34
x 68 33
x 69 32
x 70 31
x 71 30
x 72 29
x 73 28
x 74 27
x 75 26
x 76 25
x 77 24
x 78 23
x 79 22
x 80 21
x 81 20
x 82 19
x 83 18
x 84 17
x 85 16
x 86 15
x 87 14
x 88 13
x 89 12
x 90 11
x 91 10
x 92 9
x 93 8
x 94 7
x 95 6
x 96 5
x 97 4
x 98 3
x 99 2
x 100 1
+ 100 100

Case #28: 112 38
o 1 1
x 2 37
x 3 36
x 4 35
x 5 34
x 6 33
x 7 32
x 8 31
x 9 30
x 10 29
x 11 28
x 12 27
x 13 26
x 14 25
x 15 24
x 16 23
x 17 22
x 18 21
x 19 20
x 20 19
x 21 18
x 22 17
x 23 16
x 24 15
x 25 14
x 26 13
x 27 12
x 28 11
x 29 10
x 30 9
x 31 8
x 32 7
x 33 6
x 34 5
x 35 4
x 36 3
x 37 2
+ 37 37

Case #29: 223 75
+ 1 1
x 2 74
x 3 73
x 4 72
x 5 71
x 6 70
x 7 69
x 8 68
x 9 67
x 10 66
x 11 65
x 12 64
x 13 63
x 14 62
x 15 61
x 16 60
x 17 59
x 18 58
x 19 57
x 20 56
x 21 55
x 22 54
x 23 53
x 24 52
x 25 51
x 26 50
x 27 49
x 28 48
x 29 47
x 30 46
x 31 45
x 32 44
x 33 43
x 34 42
x 35 41
x 36 40
x 37 39
x 38 38
x 39 37
x 40 36
x 41 35
x 42 34
x 43 33
x 44 32
x 45 31
x 46 30
x 47 29
x 48 28
x 49 27
x 50 25
x 51 24
x 52 23
x 53 22
x 54 21
x 55 20
x 56 19
x 57 18
x 58 17
x 59 16
x 60 15
x 61 14
x 62 13
x 63 12
x 64 11
x 65 10
x 66 9
x 67 8
x 68 7
x 69 6
x 70 5
x 71 4
x 72 3
x 73 2
x 74 1
+ 74 74

Case #30: 300 102
+ 1 1
x 1 100
x 2 99
x 3 98
x 4 97
x 5 96
x 6 95
x 7 94
x 8 93
x 9 92
x 10 91
x 11 90
x 12 89
x 13 88
x 14 87
x 15 86
x 16 85
x 17 84
x 18 83
x 19 82
x 20 81
x 21 80
x 22 79
x 23 78
x 24 77
x 25 76
x 26 75
x 27 74
x 28 73
x 29 72
x 30 71
x 31 70
x 32 69
x 33 68
x 34 67
x 35 66
x 36 65
x 37 64
x 38 63
x 39 62
x 40 61
x 41 60
x 42 59
x 43 58
x 44 57
x 45 56
x 46 55
x 47 54
x 48 53
x 49 52
x 50 51
x 51 50
x 52 49
x 53 48
x 54 47
x 55 46
x 56 45
x 57 44
x 58 43
x 59 42
x 60 41
x 61 40
x 62 39
x 63 38
x 64 37
x 65 36
x 66 35
x 67 34
x 68 33
x 69 32
x 70 31
x 71 30
x 72 29
x 73 28
x 74 27
x 75 26
x 76 25
x 77 24
x 78 23
x 79 22
x 80 21
x 81 20
x 82 19
x 83 18
x 84 17
x 85 16
x 86 15
x 87 14
x 88 13
x 89 12
x 90 11
x 91 10
x 92 9
x 93 8
x 94 7
x 95 6
x 96 5
x 97 4
x 98 3
x 99 2
x 100 1
+ 100 100

Case #31: 292 98
+ 1 1
x 2 97
x 3 96
x 4 95
x 5 93
x 6 92
x 7 91
x 8 90
x 9 89
x 10 88
x 11 87
x 12 86
x 13 85
x 14 84
x 15 83
x 16 82
x 17 81
x 18 80
x 19 79
x 20 78
x 21 77
x 22 76
x 23 75
x 24 74
x 25 73
x 26 72
x 27 71
x 28 70
x 29 69
x 30 68
x 31 67
x 32 66
x 33 65
x 34 64
x 35 63
x 36 62
x 37 61
x 38 60
x 39 59
x 40 58
x 41 57
x 42 56
x 43 55
x 44 54
x 45 53
x 46 52
x 47 51
x 48 50
x 49 49
x 50 48
x 51 47
x 52 46
x 53 45
x 54 44
x 55 43
x 56 42
x 57 41
x 58 40
x 59 39
x 60 38
x 61 37
x 62 36
x 63 35
x 64 34
x 65 33
x 66 32
x 67 31
x 68 30
x 69 29
x 70 28
x 71 27
x 72 26
x 73 25
x 74 24
x 75 23
x 76 22
x 77 21
x 78 20
x 79 19
x 80 18
x 81 17
x 82 16
x 83 15
x 84 14
x 85 13
x 86 12
x 87 11
x 88 10
x 89 9
x 90 8
x 91 7
x 92 6
x 93 5
x 94 4
x 95 3
x 96 2
x 97 1
+ 97 97

Case #32: 256 86
+ 1 1
x 2 85
x 3 84
x 4 83
x 5 82
x 6 81
x 7 80
x 8 79
x 9 78
x 10 77
x 11 76
x 12 75
x 13 74
x 14 73
x 15 72
x 16 71
x 17 70
x 18 69
x 19 68
x 20 67
x 21 66
x 22 65
x 23 64
x 24 63
x 25 62
x 26 61
x 27 60
x 28 59
x 29 58
x 30 57
x 31 56
x 32 55
x 33 54
x 34 53
x 35 52
x 36 51
x 37 50
x 38 49
x 39 48
x 40 47
x 41 46
x 42 45
x 43 44
x 44 43
x 45 42
x 46 41
x 47 40
x 48 39
x 49 38
x 50 37
x 51 36
x 52 35
x 53 34
x 54 33
x 55 32
x 56 31
x 57 30
x 58 29
x 59 28
x 60 27
x 61 26
x 62 25
x 63 24
x 64 23
x 65 22
x 66 21
x 67 20
x 68 19
x 69 18
x 70 17
x 71 16
x 72 15
x 73 13
x 74 12
x 75 11
x 76 10
x 77 9
x 78 8
x 79 7
x 80 6
x 81 5
x 82 4
x 83 3
x 84 2
x 85 1
+ 85 85

Case #33: 97 33
+ 1 1
x 2 32
x 3 31
x 4 30
x 5 29
x 6 27
x 7 26
x 8 25
x 9 24
x 10 23
x 11 22
x 12 21
x 13 20
x 14 19
x 15 18
x 16 17
x 17 16
x 18 15
x 19 14
x 20 13
x 21 12
x 22 11
x 23 10
x 24 9
x 25 8
x 26 7
x 27 6
x 28 5
x 29 4
x 30 3
x 31 2
x 32 1
+ 32 32

Case #34: 226 76
+ 1 1
x 2 75
x 3 74
x 4 73
x 5 72
x 6 71
x 7 70
x 8 69
x 9 68
x 10 67
x 11 66
x 12 65
x 13 64
x 14 63
x 15 62
x 16 61
x 17 60
x 18 59
x 19 57
x 20 56
x 21 55
x 22 54
x 23 53
x 24 52
x 25 51
x 26 50
x 27 49
x 28 48
x 29 47
x 30 46
x 31 45
x 32 44
x 33 43
x 34 42
x 35 41
x 36 40
x 37 39
x 38 38
x 39 37
x 40 36
x 41 35
x 42 34
x 43 33
x 44 32
x 45 31
x 46 30
x 47 29
x 48 28
x 49 27
x 50 26
x 51 25
x 52 24
x 53 23
x 54 22
x 55 21
x 56 20
x 57 19
x 58 18
x 59 17
x 60 16
x 61 15
x 62 14
x 63 13
x 64 12
x 65 11
x 66 10
x 67 9
x 68 8
x 69 7
x 70 6
x 71 5
x 72 4
x 73 3
x 74 2
x 75 1
+ 75 75

Case #35: 253 85
+ 1 1
x 2 84
x 3 83
x 4 82
x 5 81
x 6 80
x 7 79
x 8 78
x 9 77
x 10 76
x 11 75
x 12 74
x 13 73
x 14 72
x 15 71
x 16 70
x 17 69
x 18 68
x 19 67
x 20 66
x 21 65
x 22 64
x 23 63
x 24 62
x 25 61
x 26 60
x 27 59
x 28 58
x 29 57
x 30 56
x 31 55
x 32 54
x 33 53
x 34 52
x 35 51
x 36 50
x 37 49
x 38 48
x 39 47
x 40 46
x 41 45
x 42 44
x 43 43
x 44 42
x 45 41
x 46 40
x 47 39
x 48 38
x 49 37
x 50 36
x 51 35
x 52 34
x 53 33
x 54 32
x 55 31
x 56 30
x 57 29
x 58 28
x 59 27
x 60 26
x 61 25
x 62 24
x 63 23
x 64 22
x 65 21
x 66 20
x 67 19
x 68 17
x 69 16
x 70 15
x 71 14
x 72 13
x 73 12
x 74 11
x 75 10
x 76 9
x 77 8
x 78 7
x 79 6
x 80 5
x 81 4
x 82 3
x 83 2
x 84 1
+ 84 84

Case #36: 91 31
+ 1 1
x 2 30
x 3 29
x 4 28
x 5 27
x 6 26
x 7 25
x 8 24
x 9 23
x 10 22
x 11 21
x 12 20
x 13 19
x 14 18
x 15 17
x 16 16
x 17 15
x 18 14
x 19 13
x 20 12
x 21 10
x 22 9
x 23 8
x 24 7
x 25 6
x 26 5
x 27 4
x 28 3
x 29 2
x 30 1
+ 30 30

Case #37: 300 102
+ 1 1
x 1 100
x 2 99
x 3 98
x 4 97
x 5 96
x 6 95
x 7 94
x 8 93
x 9 92
x 10 91
x 11 90
x 12 89
x 13 88
x 14 87
x 15 86
x 16 85
x 17 84
x 18 83
x 19 82
x 20 81
x 21 80
x 22 79
x 23 78
x 24 77
x 25 76
x 26 75
x 27 74
x 28 73
x 29 72
x 30 71
x 31 70
x 32 69
x 33 68
x 34 67
x 35 66
x 36 65
x 37 64
x 38 63
x 39 62
x 40 61
x 41 60
x 42 59
x 43 58
x 44 57
x 45 56
x 46 55
x 47 54
x 48 53
x 49 52
x 50 51
x 51 50
x 52 49
x 53 48
x 54 47
x 55 46
x 56 45
x 57 44
x 58 43
x 59 42
x 60 41
x 61 40
x 62 39
x 63 38
x 64 37
x 65 36
x 66 35
x 67 34
x 68 33
x 69 32
x 70 31
x 71 30
x 72 29
x 73 28
x 74 27
x 75 26
x 76 25
x 77 24
x 78 23
x 79 22
x 80 21
x 81 20
x 82 19
x 83 18
x 84 17
x 85 16
x 86 15
x 87 14
x 88 13
x 89 12
x 90 11
x 91 10
x 92 9
x 93 8
x 94 7
x 95 6
x 96 5
x 97 4
x 98 3
x 99 2
x 100 1
+ 100 100

Case #38: 300 102
+ 1 1
x 1 100
x 2 99
x 3 98
x 4 97
x 5 96
x 6 95
x 7 94
x 8 93
x 9 92
x 10 91
x 11 90
x 12 89
x 13 88
x 14 87
x 15 86
x 16 85
x 17 84
x 18 83
x 19 82
x 20 81
x 21 80
x 22 79
x 23 78
x 24 77
x 25 76
x 26 75
x 27 74
x 28 73
x 29 72
x 30 71
x 31 70
x 32 69
x 33 68
x 34 67
x 35 66
x 36 65
x 37 64
x 38 63
x 39 62
x 40 61
x 41 60
x 42 59
x 43 58
x 44 57
x 45 56
x 46 55
x 47 54
x 48 53
x 49 52
x 50 51
x 51 50
x 52 49
x 53 48
x 54 47
x 55 46
x 56 45
x 57 44
x 58 43
x 59 42
x 60 41
x 61 40
x 62 39
x 63 38
x 64 37
x 65 36
x 66 35
x 67 34
x 68 33
x 69 32
x 70 31
x 71 30
x 72 29
x 73 28
x 74 27
x 75 26
x 76 25
x 77 24
x 78 23
x 79 22
x 80 21
x 81 20
x 82 19
x 83 18
x 84 17
x 85 16
x 86 15
x 87 14
x 88 13
x 89 12
x 90 11
x 91 10
x 92 9
x 93 8
x 94 7
x 95 6
x 96 5
x 97 4
x 98 3
x 99 2
x 100 1
+ 100 100

Case #39: 145 49
+ 1 1
x 2 48
x 3 47
x 4 46
x 5 45
x 6 44
x 7 43
x 8 42
x 9 41
x 10 40
x 11 39
x 12 38
x 13 37
x 14 36
x 15 35
x 16 34
x 17 33
x 18 32
x 19 31
x 20 30
x 21 29
x 22 28
x 23 27
x 24 26
x 25 25
x 26 24
x 27 23
x 28 22
x 29 21
x 30 20
x 31 18
x 32 17
x 33 16
x 34 15
x 35 14
x 36 13
x 37 12
x 38 11
x 39 10
x 40 9
x 41 8
x 42 7
x 43 6
x 44 5
x 45 4
x 46 3
x 47 2
x 48 1
+ 48 48

Case #40: 300 102
+ 1 1
x 1 100
x 2 99
x 3 98
x 4 97
x 5 96
x 6 95
x 7 94
x 8 93
x 9 92
x 10 91
x 11 90
x 12 89
x 13 88
x 14 87
x 15 86
x 16 85
x 17 84
x 18 83
x 19 82
x 20 81
x 21 80
x 22 79
x 23 78
x 24 77
x 25 76
x 26 75
x 27 74
x 28 73
x 29 72
x 30 71
x 31 70
x 32 69
x 33 68
x 34 67
x 35 66
x 36 65
x 37 64
x 38 63
x 39 62
x 40 61
x 41 60
x 42 59
x 43 58
x 44 57
x 45 56
x 46 55
x 47 54
x 48 53
x 49 52
x 50 51
x 51 50
x 52 49
x 53 48
x 54 47
x 55 46
x 56 45
x 57 44
x 58 43
x 59 42
x 60 41
x 61 40
x 62 39
x 63 38
x 64 37
x 65 36
x 66 35
x 67 34
x 68 33
x 69 32
x 70 31
x 71 30
x 72 29
x 73 28
x 74 27
x 75 26
x 76 25
x 77 24
x 78 23
x 79 22
x 80 21
x 81 20
x 82 19
x 83 18
x 84 17
x 85 16
x 86 15
x 87 14
x 88 13
x 89 12
x 90 11
x 91 10
x 92 9
x 93 8
x 94 7
x 95 6
x 96 5
x 97 4
x 98 3
x 99 2
x 100 1
+ 100 100

Case #41: 25 9
+ 1 1
x 2 8
x 3 7
x 4 5
x 5 4
x 6 3
x 7 2
x 8 1
+ 8 8

Case #42: 73 25
+ 1 1
x 2 24
x 3 23
x 4 22
x 5 21
x 6 20
x 7 19
x 8 18
x 9 17
x 10 16
x 11 15
x 12 14
x 13 13
x 14 12
x 15 11
x 16 10
x 17 9
x 18 8
x 19 7
x 20 6
x 21 4
x 22 3
x 23 2
x 24 1
+ 24 24

Case #43: 300 102
+ 1 1
x 1 100
x 2 99
x 3 98
x 4 97
x 5 96
x 6 95
x 7 94
x 8 93
x 9 92
x 10 91
x 11 90
x 12 89
x 13 88
x 14 87
x 15 86
x 16 85
x 17 84
x 18 83
x 19 82
x 20 81
x 21 80
x 22 79
x 23 78
x 24 77
x 25 76
x 26 75
x 27 74
x 28 73
x 29 72
x 30 71
x 31 70
x 32 69
x 33 68
x 34 67
x 35 66
x 36 65
x 37 64
x 38 63
x 39 62
x 40 61
x 41 60
x 42 59
x 43 58
x 44 57
x 45 56
x 46 55
x 47 54
x 48 53
x 49 52
x 50 51
x 51 50
x 52 49
x 53 48
x 54 47
x 55 46
x 56 45
x 57 44
x 58 43
x 59 42
x 60 41
x 61 40
x 62 39
x 63 38
x 64 37
x 65 36
x 66 35
x 67 34
x 68 33
x 69 32
x 70 31
x 71 30
x 72 29
x 73 28
x 74 27
x 75 26
x 76 25
x 77 24
x 78 23
x 79 22
x 80 21
x 81 20
x 82 19
x 83 18
x 84 17
x 85 16
x 86 15
x 87 14
x 88 13
x 89 12
x 90 11
x 91 10
x 92 9
x 93 8
x 94 7
x 95 6
x 96 5
x 97 4
x 98 3
x 99 2
x 100 1
+ 100 100

Case #44: 2 1
o 1 1

Case #45: 88 30
+ 1 1
x 2 29
x 3 28
x 4 27
x 5 26
x 6 25
x 7 24
x 8 23
x 9 22
x 10 21
x 11 20
x 12 19
x 13 18
x 14 17
x 15 16
x 16 15
x 17 14
x 18 13
x 19 12
x 20 11
x 21 10
x 22 9
x 23 8
x 24 7
x 25 6
x 26 5
x 27 3
x 28 2
x 29 1
+ 29 29

Case #46: 100 34
+ 1 1
x 2 33
x 3 32
x 4 31
x 5 30
x 6 29
x 7 28
x 8 27
x 9 26
x 10 25
x 11 24
x 12 23
x 13 22
x 14 21
x 15 20
x 16 19
x 17 18
x 18 17
x 19 16
x 20 15
x 21 14
x 22 13
x 23 12
x 24 11
x 25 10
x 26 8
x 27 7
x 28 6
x 29 5
x 30 4
x 31 3
x 32 2
x 33 1
+ 33 33

Case #47: 184 62
+ 1 1
x 2 61
x 3 60
x 4 59
x 5 58
x 6 57
x 7 56
x 8 55
x 9 54
x 10 53
x 11 52
x 12 51
x 13 50
x 14 49
x 15 48
x 16 47
x 17 46
x 18 45
x 19 44
x 20 43
x 21 42
x 22 41
x 23 40
x 24 39
x 25 38
x 26 37
x 27 36
x 28 35
x 29 34
x 30 33
x 31 32
x 32 31
x 33 30
x 34 29
x 35 27
x 36 26
x 37 25
x 38 24
x 39 23
x 40 22
x 41 21
x 42 20
x 43 19
x 44 18
x 45 17
x 46 16
x 47 15
x 48 14
x 49 13
x 50 12
x 51 11
x 52 10
x 53 9
x 54 8
x 55 7
x 56 6
x 57 5
x 58 4
x 59 3
x 60 2
x 61 1
+ 61 61

Case #48: 301 101
+ 1 1
x 2 100
x 3 99
x 4 98
x 5 97
x 6 96
x 7 95
x 8 94
x 9 93
x 10 92
x 11 91
x 12 90
x 13 89
x 14 88
x 15 87
x 16 86
x 17 85
x 18 84
x 19 83
x 20 82
x 21 81
x 22 80
x 23 79
x 24 78
x 25 77
x 26 76
x 27 75
x 28 74
x 29 73
x 30 72
x 31 71
x 32 70
x 33 69
x 34 68
x 35 67
x 36 66
x 37 65
x 38 64
x 39 63
x 40 62
x 41 61
x 42 60
x 43 59
x 44 58
x 45 57
x 46 56
x 47 55
x 48 54
x 49 53
x 50 52
x 51 51
x 52 50
x 53 49
x 54 48
x 55 47
x 56 46
x 57 45
x 58 44
x 59 43
x 60 42
x 61 41
x 62 40
x 63 39
x 64 38
x 65 37
x 66 36
x 67 35
x 68 34
x 69 33
x 70 32
x 71 31
x 72 30
x 73 29
x 74 28
x 75 27
x 76 26
x 77 24
x 78 23
x 79 22
x 80 21
x 81 20
x 82 19
x 83 18
x 84 17
x 85 16
x 86 15
x 87 14
x 88 13
x 89 12
x 90 11
x 91 10
x 92 9
x 93 8
x 94 7
x 95 6
x 96 5
x 97 4
x 98 3
x 99 2
x 100 1
+ 100 100

Case #49: 85 29
+ 1 1
x 2 28
x 3 27
x 4 26
x 5 25
x 6 24
x 7 23
x 8 22
x 9 21
x 10 20
x 11 18
x 12 17
x 13 16
x 14 15
x 15 14
x 16 13
x 17 12
x 18 11
x 19 10
x 20 9
x 21 8
x 22 7
x 23 6
x 24 5
x 25 4
x 26 3
x 27 2
x 28 1
+ 28 28

Case #50: 295 99
+ 1 1
x 2 98
x 3 97
x 4 96
x 5 95
x 6 94
x 7 93
x 8 92
x 9 91
x 10 90
x 11 89
x 12 88
x 13 86
x 14 85
x 15 84
x 16 83
x 17 82
x 18 81
x 19 80
x 20 79
x 21 78
x 22 77
x 23 76
x 24 75
x 25 74
x 26 73
x 27 72
x 28 71
x 29 70
x 30 69
x 31 68
x 32 67
x 33 66
x 34 65
x 35 64
x 36 63
x 37 62
x 38 61
x 39 60
x 40 59
x 41 58
x 42 57
x 43 56
x 44 55
x 45 54
x 46 53
x 47 52
x 48 51
x 49 50
x 50 49
x 51 48
x 52 47
x 53 46
x 54 45
x 55 44
x 56 43
x 57 42
x 58 41
x 59 40
x 60 39
x 61 38
x 62 37
x 63 36
x 64 35
x 65 34
x 66 33
x 67 32
x 68 31
x 69 30
x 70 29
x 71 28
x 72 27
x 73 26
x 74 25
x 75 24
x 76 23
x 77 22
x 78 21
x 79 20
x 80 19
x 81 18
x 82 17
x 83 16
x 84 15
x 85 14
x 86 13
x 87 12
x 88 11
x 89 10
x 90 9
x 91 8
x 92 7
x 93 6
x 94 5
x 95 4
x 96 3
x 97 2
x 98 1
+ 98 98

Case #51: 301 101
o 1 1
x 2 100
x 3 99
x 4 98
x 5 97
x 6 96
x 7 95
x 8 94
x 9 93
x 10 92
x 11 91
x 12 90
x 13 89
x 14 88
x 15 87
x 16 86
x 17 85
x 18 84
x 19 83
x 20 82
x 21 81
x 22 80
x 23 79
x 24 78
x 25 77
x 26 76
x 27 75
x 28 74
x 29 73
x 30 72
x 31 71
x 32 70
x 33 69
x 34 68
x 35 67
x 36 66
x 37 65
x 38 64
x 39 63
x 40 62
x 41 61
x 42 60
x 43 59
x 44 58
x 45 57
x 46 56
x 47 55
x 48 54
x 49 53
x 50 52
x 51 51
x 52 50
x 53 49
x 54 48
x 55 47
x 56 46
x 57 45
x 58 44
x 59 43
x 60 42
x 61 41
x 62 40
x 63 39
x 64 38
x 65 37
x 66 36
x 67 35
x 68 34
x 69 33
x 70 32
x 71 31
x 72 30
x 73 29
x 74 28
x 75 27
x 76 26
x 77 25
x 78 24
x 79 23
x 80 22
x 81 21
x 82 20
x 83 19
x 84 18
x 85 17
x 86 16
x 87 15
x 88 14
x 89 13
x 90 12
x 91 11
x 92 10
x 93 9
x 94 8
x 95 7
x 96 6
x 97 5
x 98 4
x 99 3
x 100 2
+ 100 100

Case #52: 103 35
+ 1 1
x 2 34
x 3 33
x 4 32
x 5 31
x 6 30
x 7 29
x 8 28
x 9 27
x 10 26
x 11 25
x 12 24
x 13 23
x 14 22
x 15 21
x 16 20
x 17 19
x 18 17
x 19 16
x 20 15
x 21 14
x 22 13
x 23 12
x 24 11
x 25 10
x 26 9
x 27 8
x 28 7
x 29 6
x 30 5
x 31 4
x 32 3
x 33 2
x 34 1
+ 34 34

Case #53: 109 37
+ 1 1
x 2 36
x 3 35
x 4 34
x 5 33
x 6 32
x 7 31
x 8 30
x 9 29
x 10 28
x 11 27
x 12 26
x 13 25
x 14 24
x 15 23
x 16 22
x 17 21
x 18 20
x 19 19
x 20 18
x 21 16
x 22 15
x 23 14
x 24 13
x 25 12
x 26 11
x 27 10
x 28 9
x 29 8
x 30 7
x 31 6
x 32 5
x 33 4
x 34 3
x 35 2
x 36 1
+ 36 36

Case #54: 157 53
+ 1 1
x 2 52
x 3 51
x 4 50
x 5 49
x 6 48
x 7 47
x 8 46
x 9 45
x 10 44
x 11 43
x 12 42
x 13 41
x 14 40
x 15 39
x 16 38
x 17 37
x 18 36
x 19 35
x 20 34
x 21 33
x 22 32
x 23 31
x 24 30
x 25 29
x 26 28
x 27 27
x 28 26
x 29 25
x 30 24
x 31 22
x 32 21
x 33 20
x 34 19
x 35 18
x 36 17
x 37 16
x 38 15
x 39 14
x 40 13
x 41 12
x 42 11
x 43 10
x 44 9
x 45 8
x 46 7
x 47 6
x 48 5
x 49 4
x 50 3
x 51 2
x 52 1
+ 52 52

Case #55: 295 99
+ 1 1
x 2 98
x 3 97
x 4 96
x 5 95
x 6 94
x 7 93
x 8 92
x 9 91
x 10 90
x 11 89
x 12 88
x 13 87
x 14 86
x 15 85
x 16 84
x 17 83
x 18 82
x 19 81
x 20 80
x 21 79
x 22 78
x 23 77
x 24 76
x 25 75
x 26 74
x 27 73
x 28 72
x 29 71
x 30 70
x 31 69
x 32 68
x 33 67
x 34 66
x 35 65
x 36 64
x 37 63
x 38 62
x 39 61
x 40 60
x 41 59
x 42 58
x 43 57
x 44 56
x 45 55
x 46 54
x 47 53
x 48 52
x 49 51
x 50 50
x 51 49
x 52 48
x 53 46
x 54 45
x 55 44
x 56 43
x 57 42
x 58 41
x 59 40
x 60 39
x 61 38
x 62 37
x 63 36
x 64 35
x 65 34
x 66 33
x 67 32
x 68 31
x 69 30
x 70 29
x 71 28
x 72 27
x 73 26
x 74 25
x 75 24
x 76 23
x 77 22
x 78 21
x 79 20
x 80 19
x 81 18
x 82 17
x 83 16
x 84 15
x 85 14
x 86 13
x 87 12
x 88 11
x 89 10
x 90 9
x 91 8
x 92 7
x 93 6
x 94 5
x 95 4
x 96 3
x 97 2
x 98 1
+ 98 98

Case #56: 300 102
+ 1 1
x 1 100
x 2 99
x 3 98
x 4 97
x 5 96
x 6 95
x 7 94
x 8 93
x 9 92
x 10 91
x 11 90
x 12 89
x 13 88
x 14 87
x 15 86
x 16 85
x 17 84
x 18 83
x 19 82
x 20 81
x 21 80
x 22 79
x 23 78
x 24 77
x 25 76
x 26 75
x 27 74
x 28 73
x 29 72
x 30 71
x 31 70
x 32 69
x 33 68
x 34 67
x 35 66
x 36 65
x 37 64
x 38 63
x 39 62
x 40 61
x 41 60
x 42 59
x 43 58
x 44 57
x 45 56
x 46 55
x 47 54
x 48 53
x 49 52
x 50 51
x 51 50
x 52 49
x 53 48
x 54 47
x 55 46
x 56 45
x 57 44
x 58 43
x 59 42
x 60 41
x 61 40
x 62 39
x 63 38
x 64 37
x 65 36
x 66 35
x 67 34
x 68 33
x 69 32
x 70 31
x 71 30
x 72 29
x 73 28
x 74 27
x 75 26
x 76 25
x 77 24
x 78 23
x 79 22
x 80 21
x 81 20
x 82 19
x 83 18
x 84 17
x 85 16
x 86 15
x 87 14
x 88 13
x 89 12
x 90 11
x 91 10
x 92 9
x 93 8
x 94 7
x 95 6
x 96 5
x 97 4
x 98 3
x 99 2
x 100 1
+ 100 100

Case #57: 31 11
+ 1 1
x 2 10
x 3 9
x 4 8
x 5 7
x 6 6
x 7 5
x 8 4
x 9 2
x 10 1
+ 10 10

Case #58: 37 13
+ 1 1
x 2 12
x 3 11
x 4 10
x 5 9
x 6 8
x 7 7
x 8 6
x 9 4
x 10 3
x 11 2
x 12 1
+ 12 12

Case #59: 301 101
+ 1 1
x 2 100
x 3 99
x 4 98
x 5 97
x 6 96
x 7 94
x 8 93
x 9 92
x 10 91
x 11 90
x 12 89
x 13 88
x 14 87
x 15 86
x 16 85
x 17 84
x 18 83
x 19 82
x 20 81
x 21 80
x 22 79
x 23 78
x 24 77
x 25 76
x 26 75
x 27 74
x 28 73
x 29 72
x 30 71
x 31 70
x 32 69
x 33 68
x 34 67
x 35 66
x 36 65
x 37 64
x 38 63
x 39 62
x 40 61
x 41 60
x 42 59
x 43 58
x 44 57
x 45 56
x 46 55
x 47 54
x 48 53
x 49 52
x 50 51
x 51 50
x 52 49
x 53 48
x 54 47
x 55 46
x 56 45
x 57 44
x 58 43
x 59 42
x 60 41
x 61 40
x 62 39
x 63 38
x 64 37
x 65 36
x 66 35
x 67 34
x 68 33
x 69 32
x 70 31
x 71 30
x 72 29
x 73 28
x 74 27
x 75 26
x 76 25
x 77 24
x 78 23
x 79 22
x 80 21
x 81 20
x 82 19
x 83 18
x 84 17
x 85 16
x 86 15
x 87 14
x 88 13
x 89 12
x 90 11
x 91 10
x 92 9
x 93 8
x 94 7
x 95 6
x 96 5
x 97 4
x 98 3
x 99 2
x 100 1
+ 100 100

Case #60: 85 29
+ 1 1
x 2 28
x 3 27
x 4 26
x 5 25
x 6 24
x 7 23
x 8 22
x 9 21
x 10 20
x 11 19
x 12 18
x 13 17
x 14 16
x 15 15
x 16 13
x 17 12
x 18 11
x 19 10
x 20 9
x 21 8
x 22 7
x 23 6
x 24 5
x 25 4
x 26 3
x 27 2
x 28 1
+ 28 28

Case #61: 94 32
o 1 1
x 2 31
x 3 30
x 4 29
x 5 28
x 6 27
x 7 26
x 8 25
x 9 24
x 10 23
x 11 22
x 12 21
x 13 20
x 14 19
x 15 18
x 16 17
x 17 16
x 18 15
x 19 14
x 20 13
x 21 12
x 22 11
x 23 10
x 24 9
x 25 8
x 26 7
x 27 6
x 28 5
x 29 4
x 30 3
x 31 2
+ 31 31

Case #62: 256 86
+ 1 1
x 2 85
x 3 84
x 4 83
x 5 82
x 6 81
x 7 80
x 8 79
x 9 78
x 10 77
x 11 76
x 12 75
x 13 74
x 14 73
x 15 72
x 16 71
x 17 70
x 18 69
x 19 68
x 20 67
x 21 66
x 22 65
x 23 64
x 24 63
x 25 62
x 26 61
x 27 60
x 28 59
x 29 58
x 30 57
x 31 56
x 32 55
x 33 54
x 34 53
x 35 52
x 36 51
x 37 50
x 38 49
x 39 48
x 40 47
x 41 46
x 42 44
x 43 43
x 44 42
x 45 41
x 46 40
x 47 39
x 48 38
x 49 37
x 50 36
x 51 35
x 52 34
x 53 33
x 54 32
x 55 31
x 56 30
x 57 29
x 58 28
x 59 27
x 60 26
x 61 25
x 62 24
x 63 23
x 64 22
x 65 21
x 66 20
x 67 19
x 68 18
x 69 17
x 70 16
x 71 15
x 72 14
x 73 13
x 74 12
x 75 11
x 76 10
x 77 9
x 78 8
x 79 7
x 80 6
x 81 5
x 82 4
x 83 3
x 84 2
x 85 1
+ 85 85

Case #63: 300 102
+ 1 1
x 1 100
x 2 99
x 3 98
x 4 97
x 5 96
x 6 95
x 7 94
x 8 93
x 9 92
x 10 91
x 11 90
x 12 89
x 13 88
x 14 87
x 15 86
x 16 85
x 17 84
x 18 83
x 19 82
x 20 81
x 21 80
x 22 79
x 23 78
x 24 77
x 25 76
x 26 75
x 27 74
x 28 73
x 29 72
x 30 71
x 31 70
x 32 69
x 33 68
x 34 67
x 35 66
x 36 65
x 37 64
x 38 63
x 39 62
x 40 61
x 41 60
x 42 59
x 43 58
x 44 57
x 45 56
x 46 55
x 47 54
x 48 53
x 49 52
x 50 51
x 51 50
x 52 49
x 53 48
x 54 47
x 55 46
x 56 45
x 57 44
x 58 43
x 59 42
x 60 41
x 61 40
x 62 39
x 63 38
x 64 37
x 65 36
x 66 35
x 67 34
x 68 33
x 69 32
x 70 31
x 71 30
x 72 29
x 73 28
x 74 27
x 75 26
x 76 25
x 77 24
x 78 23
x 79 22
x 80 21
x 81 20
x 82 19
x 83 18
x 84 17
x 85 16
x 86 15
x 87 14
x 88 13
x 89 12
x 90 11
x 91 10
x 92 9
x 93 8
x 94 7
x 95 6
x 96 5
x 97 4
x 98 3
x 99 2
x 100 1
+ 100 100

Case #64: 7 4
+ 1 1
o 1 2
x 2 1
+ 2 2

Case #65: 300 102
+ 1 1
x 1 100
x 2 99
x 3 98
x 4 97
x 5 96
x 6 95
x 7 94
x 8 93
x 9 92
x 10 91
x 11 90
x 12 89
x 13 88
x 14 87
x 15 86
x 16 85
x 17 84
x 18 83
x 19 82
x 20 81
x 21 80
x 22 79
x 23 78
x 24 77
x 25 76
x 26 75
x 27 74
x 28 73
x 29 72
x 30 71
x 31 70
x 32 69
x 33 68
x 34 67
x 35 66
x 36 65
x 37 64
x 38 63
x 39 62
x 40 61
x 41 60
x 42 59
x 43 58
x 44 57
x 45 56
x 46 55
x 47 54
x 48 53
x 49 52
x 50 51
x 51 50
x 52 49
x 53 48
x 54 47
x 55 46
x 56 45
x 57 44
x 58 43
x 59 42
x 60 41
x 61 40
x 62 39
x 63 38
x 64 37
x 65 36
x 66 35
x 67 34
x 68 33
x 69 32
x 70 31
x 71 30
x 72 29
x 73 28
x 74 27
x 75 26
x 76 25
x 77 24
x 78 23
x 79 22
x 80 21
x 81 20
x 82 19
x 83 18
x 84 17
x 85 16
x 86 15
x 87 14
x 88 13
x 89 12
x 90 11
x 91 10
x 92 9
x 93 8
x 94 7
x 95 6
x 96 5
x 97 4
x 98 3
x 99 2
x 100 1
+ 100 100

Case #66: 265 89
+ 1 1
x 2 88
x 3 87
x 4 86
x 5 85
x 6 84
x 7 83
x 8 82
x 9 81
x 10 80
x 11 79
x 12 78
x 13 77
x 14 76
x 15 75
x 16 74
x 17 73
x 18 72
x 19 71
x 20 70
x 21 69
x 22 68
x 23 67
x 24 66
x 25 65
x 26 64
x 27 63
x 28 62
x 29 61
x 30 60
x 31 59
x 32 58
x 33 57
x 34 56
x 35 55
x 36 54
x 37 53
x 38 52
x 39 51
x 40 50
x 41 49
x 42 48
x 43 47
x 44 46
x 45 45
x 46 44
x 47 43
x 48 42
x 49 41
x 50 40
x 51 39
x 52 38
x 53 37
x 54 36
x 55 35
x 56 34
x 57 33
x 58 32
x 59 31
x 60 30
x 61 29
x 62 27
x 63 26
x 64 25
x 65 24
x 66 23
x 67 22
x 68 21
x 69 20
x 70 19
x 71 18
x 72 17
x 73 16
x 74 15
x 75 14
x 76 13
x 77 12
x 78 11
x 79 10
x 80 9
x 81 8
x 82 7
x 83 6
x 84 5
x 85 4
x 86 3
x 87 2
x 88 1
+ 88 88

Case #67: 300 102
+ 1 1
x 1 100
x 2 99
x 3 98
x 4 97
x 5 96
x 6 95
x 7 94
x 8 93
x 9 92
x 10 91
x 11 90
x 12 89
x 13 88
x 14 87
x 15 86
x 16 85
x 17 84
x 18 83
x 19 82
x 20 81
x 21 80
x 22 79
x 23 78
x 24 77
x 25 76
x 26 75
x 27 74
x 28 73
x 29 72
x 30 71
x 31 70
x 32 69
x 33 68
x 34 67
x 35 66
x 36 65
x 37 64
x 38 63
x 39 62
x 40 61
x 41 60
x 42 59
x 43 58
x 44 57
x 45 56
x 46 55
x 47 54
x 48 53
x 49 52
x 50 51
x 51 50
x 52 49
x 53 48
x 54 47
x 55 46
x 56 45
x 57 44
x 58 43
x 59 42
x 60 41
x 61 40
x 62 39
x 63 38
x 64 37
x 65 36
x 66 35
x 67 34
x 68 33
x 69 32
x 70 31
x 71 30
x 72 29
x 73 28
x 74 27
x 75 26
x 76 25
x 77 24
x 78 23
x 79 22
x 80 21
x 81 20
x 82 19
x 83 18
x 84 17
x 85 16
x 86 15
x 87 14
x 88 13
x 89 12
x 90 11
x 91 10
x 92 9
x 93 8
x 94 7
x 95 6
x 96 5
x 97 4
x 98 3
x 99 2
x 100 1
+ 100 100

Case #68: 292 98
+ 1 1
x 2 97
x 3 96
x 4 95
x 5 94
x 6 93
x 7 92
x 8 91
x 9 90
x 10 89
x 11 88
x 12 87
x 13 85
x 14 84
x 15 83
x 16 82
x 17 81
x 18 80
x 19 79
x 20 78
x 21 77
x 22 76
x 23 75
x 24 74
x 25 73
x 26 72
x 27 71
x 28 70
x 29 69
x 30 68
x 31 67
x 32 66
x 33 65
x 34 64
x 35 63
x 36 62
x 37 61
x 38 60
x 39 59
x 40 58
x 41 57
x 42 56
x 43 55
x 44 54
x 45 53
x 46 52
x 47 51
x 48 50
x 49 49
x 50 48
x 51 47
x 52 46
x 53 45
x 54 44
x 55 43
x 56 42
x 57 41
x 58 40
x 59 39
x 60 38
x 61 37
x 62 36
x 63 35
x 64 34
x 65 33
x 66 32
x 67 31
x 68 30
x 69 29
x 70 28
x 71 27
x 72 26
x 73 25
x 74 24
x 75 23
x 76 22
x 77 21
x 78 20
x 79 19
x 80 18
x 81 17
x 82 16
x 83 15
x 84 14
x 85 13
x 86 12
x 87 11
x 88 10
x 89 9
x 90 8
x 91 7
x 92 6
x 93 5
x 94 4
x 95 3
x 96 2
x 97 1
+ 97 97

Case #69: 300 102
+ 1 1
x 1 100
x 2 99
x 3 98
x 4 97
x 5 96
x 6 95
x 7 94
x 8 93
x 9 92
x 10 91
x 11 90
x 12 89
x 13 88
x 14 87
x 15 86
x 16 85
x 17 84
x 18 83
x 19 82
x 20 81
x 21 80
x 22 79
x 23 78
x 24 77
x 25 76
x 26 75
x 27 74
x 28 73
x 29 72
x 30 71
x 31 70
x 32 69
x 33 68
x 34 67
x 35 66
x 36 65
x 37 64
x 38 63
x 39 62
x 40 61
x 41 60
x 42 59
x 43 58
x 44 57
x 45 56
x 46 55
x 47 54
x 48 53
x 49 52
x 50 51
x 51 50
x 52 49
x 53 48
x 54 47
x 55 46
x 56 45
x 57 44
x 58 43
x 59 42
x 60 41
x 61 40
x 62 39
x 63 38
x 64 37
x 65 36
x 66 35
x 67 34
x 68 33
x 69 32
x 70 31
x 71 30
x 72 29
x 73 28
x 74 27
x 75 26
x 76 25
x 77 24
x 78 23
x 79 22
x 80 21
x 81 20
x 82 19
x 83 18
x 84 17
x 85 16
x 86 15
x 87 14
x 88 13
x 89 12
x 90 11
x 91 10
x 92 9
x 93 8
x 94 7
x 95 6
x 96 5
x 97 4
x 98 3
x 99 2
x 100 1
+ 100 100

Case #70: 301 102
+ 1 1
+ 1 3
x 2 100
x 3 98
x 4 97
x 5 96
x 6 95
x 7 94
x 8 93
x 9 92
x 10 91
x 11 90
x 12 89
x 13 88
x 14 87
x 15 86
x 16 85
x 17 84
x 18 83
x 19 82
x 20 81
x 21 80
x 22 79
x 23 78
x 24 77
x 25 76
x 26 75
x 27 74
x 28 73
x 29 72
x 30 71
x 31 70
x 32 69
x 33 68
x 34 67
x 35 66
x 36 65
x 37 64
x 38 63
x 39 62
x 40 61
x 41 60
x 42 59
x 43 58
x 44 57
x 45 56
x 46 55
x 47 54
x 48 53
x 49 52
x 50 51
x 51 50
x 52 49
x 53 48
x 54 47
x 55 46
x 56 45
x 57 44
x 58 43
x 59 42
x 60 41
x 61 40
x 62 39
x 63 38
x 64 37
x 65 36
x 66 35
x 67 34
x 68 33
x 69 32
x 70 31
x 71 30
x 72 29
x 73 28
x 74 27
x 75 26
x 76 25
x 77 24
x 78 23
x 79 22
x 80 21
x 81 20
x 82 19
x 83 18
x 84 17
x 85 16
x 86 15
x 87 14
x 88 13
x 89 12
x 90 11
x 91 10
x 92 9
x 93 8
x 94 7
x 95 6
x 96 5
x 97 4
x 98 3
x 99 2
x 100 1
+ 100 100

Case #71: 300 102
+ 1 1
x 1 100
x 2 99
x 3 98
x 4 97
x 5 96
x 6 95
x 7 94
x 8 93
x 9 92
x 10 91
x 11 90
x 12 89
x 13 88
x 14 87
x 15 86
x 16 85
x 17 84
x 18 83
x 19 82
x 20 81
x 21 80
x 22 79
x 23 78
x 24 77
x 25 76
x 26 75
x 27 74
x 28 73
x 29 72
x 30 71
x 31 70
x 32 69
x 33 68
x 34 67
x 35 66
x 36 65
x 37 64
x 38 63
x 39 62
x 40 61
x 41 60
x 42 59
x 43 58
x 44 57
x 45 56
x 46 55
x 47 54
x 48 53
x 49 52
x 50 51
x 51 50
x 52 49
x 53 48
x 54 47
x 55 46
x 56 45
x 57 44
x 58 43
x 59 42
x 60 41
x 61 40
x 62 39
x 63 38
x 64 37
x 65 36
x 66 35
x 67 34
x 68 33
x 69 32
x 70 31
x 71 30
x 72 29
x 73 28
x 74 27
x 75 26
x 76 25
x 77 24
x 78 23
x 79 22
x 80 21
x 81 20
x 82 19
x 83 18
x 84 17
x 85 16
x 86 15
x 87 14
x 88 13
x 89 12
x 90 11
x 91 10
x 92 9
x 93 8
x 94 7
x 95 6
x 96 5
x 97 4
x 98 3
x 99 2
x 100 1
+ 100 100

Case #72: 235 79
+ 1 1
x 2 78
x 3 77
x 4 76
x 5 75
x 6 74
x 7 73
x 8 72
x 9 71
x 10 70
x 11 69
x 12 68
x 13 67
x 14 66
x 15 65
x 16 64
x 17 63
x 18 62
x 19 61
x 20 60
x 21 59
x 22 58
x 23 57
x 24 56
x 25 55
x 26 54
x 27 53
x 28 52
x 29 51
x 30 50
x 31 49
x 32 48
x 33 47
x 34 46
x 35 45
x 36 44
x 37 43
x 38 42
x 39 41
x 40 40
x 41 39
x 42 38
x 43 37
x 44 36
x 45 35
x 46 34
x 47 33
x 48 31
x 49 30
x 50 29
x 51 28
x 52 27
x 53 26
x 54 25
x 55 24
x 56 23
x 57 22
x 58 21
x 59 20
x 60 19
x 61 18
x 62 17
x 63 16
x 64 15
x 65 14
x 66 13
x 67 12
x 68 11
x 69 10
x 70 9
x 71 8
x 72 7
x 73 6
x 74 5
x 75 4
x 76 3
x 77 2
x 78 1
+ 78 78

Case #73: 46 16
+ 1 1
x 2 15
x 3 14
x 4 13
x 5 12
x 6 11
x 7 10
x 8 9
x 9 8
x 10 7
x 11 6
x 12 5
x 13 4
x 14 3
x 15 1
+ 15 15

Case #74: 300 102
+ 1 1
x 1 100
x 2 99
x 3 98
x 4 97
x 5 96
x 6 95
x 7 94
x 8 93
x 9 92
x 10 91
x 11 90
x 12 89
x 13 88
x 14 87
x 15 86
x 16 85
x 17 84
x 18 83
x 19 82
x 20 81
x 21 80
x 22 79
x 23 78
x 24 77
x 25 76
x 26 75
x 27 74
x 28 73
x 29 72
x 30 71
x 31 70
x 32 69
x 33 68
x 34 67
x 35 66
x 36 65
x 37 64
x 38 63
x 39 62
x 40 61
x 41 60
x 42 59
x 43 58
x 44 57
x 45 56
x 46 55
x 47 54
x 48 53
x 49 52
x 50 51
x 51 50
x 52 49
x 53 48
x 54 47
x 55 46
x 56 45
x 57 44
x 58 43
x 59 42
x 60 41
x 61 40
x 62 39
x 63 38
x 64 37
x 65 36
x 66 35
x 67 34
x 68 33
x 69 32
x 70 31
x 71 30
x 72 29
x 73 28
x 74 27
x 75 26
x 76 25
x 77 24
x 78 23
x 79 22
x 80 21
x 81 20
x 82 19
x 83 18
x 84 17
x 85 16
x 86 15
x 87 14
x 88 13
x 89 12
x 90 11
x 91 10
x 92 9
x 93 8
x 94 7
x 95 6
x 96 5
x 97 4
x 98 3
x 99 2
x 100 1
+ 100 100

Case #75: 178 60
+ 1 1
x 2 59
x 3 58
x 4 57
x 5 56
x 6 55
x 7 54
x 8 53
x 9 52
x 10 51
x 11 50
x 12 49
x 13 48
x 14 47
x 15 46
x 16 45
x 17 44
x 18 43
x 19 42
x 20 41
x 21 40
x 22 39
x 23 38
x 24 37
x 25 36
x 26 35
x 27 34
x 28 33
x 29 32
x 30 31
x 31 30
x 32 29
x 33 28
x 34 27
x 35 26
x 36 25
x 37 23
x 38 22
x 39 21
x 40 20
x 41 19
x 42 18
x 43 17
x 44 16
x 45 15
x 46 14
x 47 13
x 48 12
x 49 11
x 50 10
x 51 9
x 52 8
x 53 7
x 54 6
x 55 5
x 56 4
x 57 3
x 58 2
x 59 1
+ 59 59

Case #76: 300 102
+ 1 1
x 1 100
x 2 99
x 3 98
x 4 97
x 5 96
x 6 95
x 7 94
x 8 93
x 9 92
x 10 91
x 11 90
x 12 89
x 13 88
x 14 87
x 15 86
x 16 85
x 17 84
x 18 83
x 19 82
x 20 81
x 21 80
x 22 79
x 23 78
x 24 77
x 25 76
x 26 75
x 27 74
x 28 73
x 29 72
x 30 71
x 31 70
x 32 69
x 33 68
x 34 67
x 35 66
x 36 65
x 37 64
x 38 63
x 39 62
x 40 61
x 41 60
x 42 59
x 43 58
x 44 57
x 45 56
x 46 55
x 47 54
x 48 53
x 49 52
x 50 51
x 51 50
x 52 49
x 53 48
x 54 47
x 55 46
x 56 45
x 57 44
x 58 43
x 59 42
x 60 41
x 61 40
x 62 39
x 63 38
x 64 37
x 65 36
x 66 35
x 67 34
x 68 33
x 69 32
x 70 31
x 71 30
x 72 29
x 73 28
x 74 27
x 75 26
x 76 25
x 77 24
x 78 23
x 79 22
x 80 21
x 81 20
x 82 19
x 83 18
x 84 17
x 85 16
x 86 15
x 87 14
x 88 13
x 89 12
x 90 11
x 91 10
x 92 9
x 93 8
x 94 7
x 95 6
x 96 5
x 97 4
x 98 3
x 99 2
x 100 1
+ 100 100

Case #77: 300 102
+ 1 1
x 1 100
x 2 99
x 3 98
x 4 97
x 5 96
x 6 95
x 7 94
x 8 93
x 9 92
x 10 91
x 11 90
x 12 89
x 13 88
x 14 87
x 15 86
x 16 85
x 17 84
x 18 83
x 19 82
x 20 81
x 21 80
x 22 79
x 23 78
x 24 77
x 25 76
x 26 75
x 27 74
x 28 73
x 29 72
x 30 71
x 31 70
x 32 69
x 33 68
x 34 67
x 35 66
x 36 65
x 37 64
x 38 63
x 39 62
x 40 61
x 41 60
x 42 59
x 43 58
x 44 57
x 45 56
x 46 55
x 47 54
x 48 53
x 49 52
x 50 51
x 51 50
x 52 49
x 53 48
x 54 47
x 55 46
x 56 45
x 57 44
x 58 43
x 59 42
x 60 41
x 61 40
x 62 39
x 63 38
x 64 37
x 65 36
x 66 35
x 67 34
x 68 33
x 69 32
x 70 31
x 71 30
x 72 29
x 73 28
x 74 27
x 75 26
x 76 25
x 77 24
x 78 23
x 79 22
x 80 21
x 81 20
x 82 19
x 83 18
x 84 17
x 85 16
x 86 15
x 87 14
x 88 13
x 89 12
x 90 11
x 91 10
x 92 9
x 93 8
x 94 7
x 95 6
x 96 5
x 97 4
x 98 3
x 99 2
x 100 1
+ 100 100

Case #78: 163 55
+ 1 1
x 2 54
x 3 53
x 4 52
x 5 51
x 6 50
x 7 49
x 8 48
x 9 47
x 10 46
x 11 45
x 12 44
x 13 43
x 14 42
x 15 41
x 16 40
x 17 39
x 18 38
x 19 37
x 20 36
x 21 35
x 22 34
x 23 33
x 24 32
x 25 31
x 26 30
x 27 29
x 28 28
x 29 27
x 30 26
x 31 25
x 32 23
x 33 22
x 34 21
x 35 20
x 36 19
x 37 18
x 38 17
x 39 16
x 40 15
x 41 14
x 42 13
x 43 12
x 44 11
x 45 10
x 46 9
x 47 8
x 48 7
x 49 6
x 50 5
x 51 4
x 52 3
x 53 2
x 54 1
+ 54 54

Case #79: 139 47
+ 1 1
x 2 46
x 3 45
x 4 44
x 5 43
x 6 42
x 7 41
x 8 40
x 9 39
x 10 38
x 11 37
x 12 36
x 13 35
x 14 34
x 15 33
x 16 32
x 17 31
x 18 30
x 19 29
x 20 28
x 21 27
x 22 26
x 23 25
x 24 24
x 25 23
x 26 22
x 27 21
x 28 19
x 29 18
x 30 17
x 31 16
x 32 15
x 33 14
x 34 13
x 35 12
x 36 11
x 37 10
x 38 9
x 39 8
x 40 7
x 41 6
x 42 5
x 43 4
x 44 3
x 45 2
x 46 1
+ 46 46

Case #80: 300 102
+ 1 1
x 1 100
x 2 99
x 3 98
x 4 97
x 5 96
x 6 95
x 7 94
x 8 93
x 9 92
x 10 91
x 11 90
x 12 89
x 13 88
x 14 87
x 15 86
x 16 85
x 17 84
x 18 83
x 19 82
x 20 81
x 21 80
x 22 79
x 23 78
x 24 77
x 25 76
x 26 75
x 27 74
x 28 73
x 29 72
x 30 71
x 31 70
x 32 69
x 33 68
x 34 67
x 35 66
x 36 65
x 37 64
x 38 63
x 39 62
x 40 61
x 41 60
x 42 59
x 43 58
x 44 57
x 45 56
x 46 55
x 47 54
x 48 53
x 49 52
x 50 51
x 51 50
x 52 49
x 53 48
x 54 47
x 55 46
x 56 45
x 57 44
x 58 43
x 59 42
x 60 41
x 61 40
x 62 39
x 63 38
x 64 37
x 65 36
x 66 35
x 67 34
x 68 33
x 69 32
x 70 31
x 71 30
x 72 29
x 73 28
x 74 27
x 75 26
x 76 25
x 77 24
x 78 23
x 79 22
x 80 21
x 81 20
x 82 19
x 83 18
x 84 17
x 85 16
x 86 15
x 87 14
x 88 13
x 89 12
x 90 11
x 91 10
x 92 9
x 93 8
x 94 7
x 95 6
x 96 5
x 97 4
x 98 3
x 99 2
x 100 1
+ 100 100

Case #81: 112 38
+ 1 1
x 2 37
x 3 36
x 4 35
x 5 34
x 6 33
x 7 32
x 8 31
x 9 30
x 10 29
x 11 28
x 12 27
x 13 26
x 14 24
x 15 23
x 16 22
x 17 21
x 18 20
x 19 19
x 20 18
x 21 17
x 22 16
x 23 15
x 24 14
x 25 13
x 26 12
x 27 11
x 28 10
x 29 9
x 30 8
x 31 7
x 32 6
x 33 5
x 34 4
x 35 3
x 36 2
x 37 1
+ 37 37

Case #82: 300 102
+ 1 1
x 1 100
x 2 99
x 3 98
x 4 97
x 5 96
x 6 95
x 7 94
x 8 93
x 9 92
x 10 91
x 11 90
x 12 89
x 13 88
x 14 87
x 15 86
x 16 85
x 17 84
x 18 83
x 19 82
x 20 81
x 21 80
x 22 79
x 23 78
x 24 77
x 25 76
x 26 75
x 27 74
x 28 73
x 29 72
x 30 71
x 31 70
x 32 69
x 33 68
x 34 67
x 35 66
x 36 65
x 37 64
x 38 63
x 39 62
x 40 61
x 41 60
x 42 59
x 43 58
x 44 57
x 45 56
x 46 55
x 47 54
x 48 53
x 49 52
x 50 51
x 51 50
x 52 49
x 53 48
x 54 47
x 55 46
x 56 45
x 57 44
x 58 43
x 59 42
x 60 41
x 61 40
x 62 39
x 63 38
x 64 37
x 65 36
x 66 35
x 67 34
x 68 33
x 69 32
x 70 31
x 71 30
x 72 29
x 73 28
x 74 27
x 75 26
x 76 25
x 77 24
x 78 23
x 79 22
x 80 21
x 81 20
x 82 19
x 83 18
x 84 17
x 85 16
x 86 15
x 87 14
x 88 13
x 89 12
x 90 11
x 91 10
x 92 9
x 93 8
x 94 7
x 95 6
x 96 5
x 97 4
x 98 3
x 99 2
x 100 1
+ 100 100

Case #83: 265 89
+ 1 1
x 2 88
x 3 87
x 4 86
x 5 85
x 6 84
x 7 83
x 8 82
x 9 81
x 10 80
x 11 79
x 12 78
x 13 77
x 14 76
x 15 75
x 16 74
x 17 73
x 18 72
x 19 71
x 20 70
x 21 69
x 22 68
x 23 67
x 24 66
x 25 65
x 26 64
x 27 63
x 28 62
x 29 60
x 30 59
x 31 58
x 32 57
x 33 56
x 34 55
x 35 54
x 36 53
x 37 52
x 38 51
x 39 50
x 40 49
x 41 48
x 42 47
x 43 46
x 44 45
x 45 44
x 46 43
x 47 42
x 48 41
x 49 40
x 50 39
x 51 38
x 52 37
x 53 36
x 54 35
x 55 34
x 56 33
x 57 32
x 58 31
x 59 30
x 60 29
x 61 28
x 62 27
x 63 26
x 64 25
x 65 24
x 66 23
x 67 22
x 68 21
x 69 20
x 70 19
x 71 18
x 72 17
x 73 16
x 74 15
x 75 14
x 76 13
x 77 12
x 78 11
x 79 10
x 80 9
x 81 8
x 82 7
x 83 6
x 84 5
x 85 4
x 86 3
x 87 2
x 88 1
+ 88 88

Case #84: 301 101
+ 1 1
x 2 100
x 3 99
x 4 98
x 5 97
x 6 96
x 7 95
x 8 94
x 9 93
x 10 92
x 11 91
x 12 90
x 13 89
x 14 88
x 15 87
x 16 86
x 17 85
x 18 84
x 19 83
x 20 82
x 21 81
x 22 80
x 23 79
x 24 78
x 25 77
x 26 76
x 27 75
x 28 74
x 29 73
x 30 72
x 31 71
x 32 70
x 33 69
x 34 68
x 35 67
x 36 66
x 37 65
x 38 64
x 39 63
x 40 62
x 41 61
x 42 60
x 43 59
x 44 58
x 45 57
x 46 56
x 47 55
x 48 54
x 49 53
x 50 52
x 51 51
x 52 50
x 53 49
x 54 48
x 55 47
x 56 46
x 57 45
x 58 44
x 59 43
x 60 42
x 61 41
x 62 40
x 63 39
x 64 38
x 65 37
x 66 36
x 67 35
x 68 34
x 69 33
x 70 32
x 71 31
x 72 30
x 73 29
x 74 28
x 75 27
x 76 26
x 77 24
x 78 23
x 79 22
x 80 21
x 81 20
x 82 19
x 83 18
x 84 17
x 85 16
x 86 15
x 87 14
x 88 13
x 89 12
x 90 11
x 91 10
x 92 9
x 93 8
x 94 7
x 95 6
x 96 5
x 97 4
x 98 3
x 99 2
x 100 1
+ 100 100

Case #85: 301 101
+ 1 1
x 2 100
x 3 99
x 4 98
x 5 97
x 6 96
x 7 95
x 8 94
x 9 93
x 10 92
x 11 91
x 12 90
x 13 89
x 14 88
x 15 87
x 16 86
x 17 85
x 18 84
x 19 83
x 20 82
x 21 81
x 22 80
x 23 79
x 24 78
x 25 77
x 26 76
x 27 75
x 28 74
x 29 73
x 30 72
x 31 71
x 32 70
x 33 69
x 34 68
x 35 67
x 36 66
x 37 65
x 38 64
x 39 63
x 40 62
x 41 61
x 42 60
x 43 59
x 44 58
x 45 57
x 46 56
x 47 55
x 48 54
x 49 53
x 50 52
x 51 51
x 52 50
x 53 49
x 54 48
x 55 47
x 56 46
x 57 45
x 58 44
x 59 43
x 60 42
x 61 41
x 62 40
x 63 39
x 64 38
x 65 37
x 66 36
x 67 35
x 68 34
x 69 33
x 70 32
x 71 31
x 72 30
x 73 29
x 74 28
x 75 27
x 76 26
x 77 25
x 78 24
x 79 23
x 80 22
x 81 20
x 82 19
x 83 18
x 84 17
x 85 16
x 86 15
x 87 14
x 88 13
x 89 12
x 90 11
x 91 10
x 92 9
x 93 8
x 94 7
x 95 6
x 96 5
x 97 4
x 98 3
x 99 2
x 100 1
+ 100 100

Case #86: 300 102
+ 1 1
x 1 100
x 2 99
x 3 98
x 4 97
x 5 96
x 6 95
x 7 94
x 8 93
x 9 92
x 10 91
x 11 90
x 12 89
x 13 88
x 14 87
x 15 86
x 16 85
x 17 84
x 18 83
x 19 82
x 20 81
x 21 80
x 22 79
x 23 78
x 24 77
x 25 76
x 26 75
x 27 74
x 28 73
x 29 72
x 30 71
x 31 70
x 32 69
x 33 68
x 34 67
x 35 66
x 36 65
x 37 64
x 38 63
x 39 62
x 40 61
x 41 60
x 42 59
x 43 58
x 44 57
x 45 56
x 46 55
x 47 54
x 48 53
x 49 52
x 50 51
x 51 50
x 52 49
x 53 48
x 54 47
x 55 46
x 56 45
x 57 44
x 58 43
x 59 42
x 60 41
x 61 40
x 62 39
x 63 38
x 64 37
x 65 36
x 66 35
x 67 34
x 68 33
x 69 32
x 70 31
x 71 30
x 72 29
x 73 28
x 74 27
x 75 26
x 76 25
x 77 24
x 78 23
x 79 22
x 80 21
x 81 20
x 82 19
x 83 18
x 84 17
x 85 16
x 86 15
x 87 14
x 88 13
x 89 12
x 90 11
x 91 10
x 92 9
x 93 8
x 94 7
x 95 6
x 96 5
x 97 4
x 98 3
x 99 2
x 100 1
+ 100 100

Case #87: 297 101
+ 1 1
x 1 99
x 2 98
x 3 97
x 4 96
x 5 95
x 6 94
x 7 93
x 8 92
x 9 91
x 10 90
x 11 89
x 12 88
x 13 87
x 14 86
x 15 85
x 16 84
x 17 83
x 18 82
x 19 81
x 20 80
x 21 79
x 22 78
x 23 77
x 24 76
x 25 75
x 26 74
x 27 73
x 28 72
x 29 71
x 30 70
x 31 69
x 32 68
x 33 67
x 34 66
x 35 65
x 36 64
x 37 63
x 38 62
x 39 61
x 40 60
x 41 59
x 42 58
x 43 57
x 44 56
x 45 55
x 46 54
x 47 53
x 48 52
x 49 51
x 50 50
x 51 49
x 52 48
x 53 47
x 54 46
x 55 45
x 56 44
x 57 43
x 58 42
x 59 41
x 60 40
x 61 39
x 62 38
x 63 37
x 64 36
x 65 35
x 66 34
x 67 33
x 68 32
x 69 31
x 70 30
x 71 29
x 72 28
x 73 27
x 74 26
x 75 25
x 76 24
x 77 23
x 78 22
x 79 21
x 80 20
x 81 19
x 82 18
x 83 17
x 84 16
x 85 15
x 86 14
x 87 13
x 88 12
x 89 11
x 90 10
x 91 9
x 92 8
x 93 7
x 94 6
x 95 5
x 96 4
x 97 3
x 98 2
x 99 1
+ 99 99

Case #88: 301 101
+ 1 1
x 2 100
x 3 99
x 4 98
x 5 97
x 6 96
x 7 95
x 8 94
x 9 93
x 10 92
x 11 91
x 12 90
x 13 89
x 14 88
x 15 87
x 16 86
x 17 85
x 18 83
x 19 82
x 20 81
x 21 80
x 22 79
x 23 78
x 24 77
x 25 76
x 26 75
x 27 74
x 28 73
x 29 72
x 30 71
x 31 70
x 32 69
x 33 68
x 34 67
x 35 66
x 36 65
x 37 64
x 38 63
x 39 62
x 40 61
x 41 60
x 42 59
x 43 58
x 44 57
x 45 56
x 46 55
x 47 54
x 48 53
x 49 52
x 50 51
x 51 50
x 52 49
x 53 48
x 54 47
x 55 46
x 56 45
x 57 44
x 58 43
x 59 42
x 60 41
x 61 40
x 62 39
x 63 38
x 64 37
x 65 36
x 66 35
x 67 34
x 68 33
x 69 32
x 70 31
x 71 30
x 72 29
x 73 28
x 74 27
x 75 26
x 76 25
x 77 24
x 78 23
x 79 22
x 80 21
x 81 20
x 82 19
x 83 18
x 84 17
x 85 16
x 86 15
x 87 14
x 88 13
x 89 12
x 90 11
x 91 10
x 92 9
x 93 8
x 94 7
x 95 6
x 96 5
x 97 4
x 98 3
x 99 2
x 100 1
+ 100 100

Case #89: 112 38
+ 1 1
x 2 37
x 3 36
x 4 35
x 5 34
x 6 33
x 7 32
x 8 31
x 9 30
x 10 29
x 11 28
x 12 26
x 13 25
x 14 24
x 15 23
x 16 22
x 17 21
x 18 20
x 19 19
x 20 18
x 21 17
x 22 16
x 23 15
x 24 14
x 25 13
x 26 12
x 27 11
x 28 10
x 29 9
x 30 8
x 31 7
x 32 6
x 33 5
x 34 4
x 35 3
x 36 2
x 37 1
+ 37 37

Case #90: 223 75
+ 1 1
x 2 74
x 3 73
x 4 72
x 5 71
x 6 70
x 7 69
x 8 68
x 9 67
x 10 66
x 11 65
x 12 64
x 13 63
x 14 62
x 15 61
x 16 59
x 17 58
x 18 57
x 19 56
x 20 55
x 21 54
x 22 53
x 23 52
x 24 51
x 25 50
x 26 49
x 27 48
x 28 47
x 29 46
x 30 45
x 31 44
x 32 43
x 33 42
x 34 41
x 35 40
x 36 39
x 37 38
x 38 37
x 39 36
x 40 35
x 41 34
x 42 33
x 43 32
x 44 31
x 45 30
x 46 29
x 47 28
x 48 27
x 49 26
x 50 25
x 51 24
x 52 23
x 53 22
x 54 21
x 55 20
x 56 19
x 57 18
x 58 17
x 59 16
x 60 15
x 61 14
x 62 13
x 63 12
x 64 11
x 65 10
x 66 9
x 67 8
x 68 7
x 69 6
x 70 5
x 71 4
x 72 3
x 73 2
x 74 1
+ 74 74

Case #91: 300 102
+ 1 1
x 1 100
x 2 99
x 3 98
x 4 97
x 5 96
x 6 95
x 7 94
x 8 93
x 9 92
x 10 91
x 11 90
x 12 89
x 13 88
x 14 87
x 15 86
x 16 85
x 17 84
x 18 83
x 19 82
x 20 81
x 21 80
x 22 79
x 23 78
x 24 77
x 25 76
x 26 75
x 27 74
x 28 73
x 29 72
x 30 71
x 31 70
x 32 69
x 33 68
x 34 67
x 35 66
x 36 65
x 37 64
x 38 63
x 39 62
x 40 61
x 41 60
x 42 59
x 43 58
x 44 57
x 45 56
x 46 55
x 47 54
x 48 53
x 49 52
x 50 51
x 51 50
x 52 49
x 53 48
x 54 47
x 55 46
x 56 45
x 57 44
x 58 43
x 59 42
x 60 41
x 61 40
x 62 39
x 63 38
x 64 37
x 65 36
x 66 35
x 67 34
x 68 33
x 69 32
x 70 31
x 71 30
x 72 29
x 73 28
x 74 27
x 75 26
x 76 25
x 77 24
x 78 23
x 79 22
x 80 21
x 81 20
x 82 19
x 83 18
x 84 17
x 85 16
x 86 15
x 87 14
x 88 13
x 89 12
x 90 11
x 91 10
x 92 9
x 93 8
x 94 7
x 95 6
x 96 5
x 97 4
x 98 3
x 99 2
x 100 1
+ 100 100

Case #92: 10 5
+ 1 1
+ 1 2
x 2 2
x 3 1
+ 3 3

Case #93: 3 1
o 1 1

Case #94: 34 12
+ 1 1
x 2 11
x 3 10
x 4 9
x 5 8
x 6 7
x 7 5
x 8 4
x 9 3
x 10 2
x 11 1
+ 11 11

Case #95: 124 42
+ 1 1
x 2 41
x 3 40
x 4 39
x 5 38
x 6 37
x 7 36
x 8 35
x 9 34
x 10 33
x 11 32
x 12 31
x 13 30
x 14 29
x 15 28
x 16 27
x 17 26
x 18 25
x 19 24
x 20 23
x 21 22
x 22 21
x 23 20
x 24 18
x 25 17
x 26 16
x 27 15
x 28 14
x 29 13
x 30 12
x 31 11
x 32 10
x 33 9
x 34 8
x 35 7
x 36 6
x 37 5
x 38 4
x 39 3
x 40 2
x 41 1
+ 41 41

Case #96: 301 101
+ 1 1
x 2 100
x 3 99
x 4 98
x 5 97
x 6 96
x 7 95
x 8 94
x 9 93
x 10 92
x 11 91
x 12 90
x 13 89
x 14 88
x 15 87
x 16 86
x 17 85
x 18 84
x 19 83
x 20 82
x 21 81
x 22 80
x 23 79
x 24 78
x 25 77
x 26 75
x 27 74
x 28 73
x 29 72
x 30 71
x 31 70
x 32 69
x 33 68
x 34 67
x 35 66
x 36 65
x 37 64
x 38 63
x 39 62
x 40 61
x 41 60
x 42 59
x 43 58
x 44 57
x 45 56
x 46 55
x 47 54
x 48 53
x 49 52
x 50 51
x 51 50
x 52 49
x 53 48
x 54 47
x 55 46
x 56 45
x 57 44
x 58 43
x 59 42
x 60 41
x 61 40
x 62 39
x 63 38
x 64 37
x 65 36
x 66 35
x 67 34
x 68 33
x 69 32
x 70 31
x 71 30
x 72 29
x 73 28
x 74 27
x 75 26
x 76 25
x 77 24
x 78 23
x 79 22
x 80 21
x 81 20
x 82 19
x 83 18
x 84 17
x 85 16
x 86 15
x 87 14
x 88 13
x 89 12
x 90 11
x 91 10
x 92 9
x 93 8
x 94 7
x 95 6
x 96 5
x 97 4
x 98 3
x 99 2
x 100 1
+ 100 100

Case #97: 301 101
+ 1 1
x 2 100
x 3 99
x 4 98
x 5 97
x 6 96
x 7 95
x 8 94
x 9 93
x 10 92
x 11 91
x 12 90
x 13 89
x 14 88
x 15 87
x 16 86
x 17 85
x 18 84
x 19 83
x 20 82
x 21 81
x 22 80
x 23 79
x 24 78
x 25 77
x 26 76
x 27 75
x 28 74
x 29 73
x 30 72
x 31 71
x 32 70
x 33 69
x 34 68
x 35 67
x 36 66
x 37 65
x 38 64
x 39 63
x 40 62
x 41 61
x 42 60
x 43 59
x 44 58
x 45 57
x 46 55
x 47 54
x 48 53
x 49 52
x 50 51
x 51 50
x 52 49
x 53 48
x 54 47
x 55 46
x 56 45
x 57 44
x 58 43
x 59 42
x 60 41
x 61 40
x 62 39
x 63 38
x 64 37
x 65 36
x 66 35
x 67 34
x 68 33
x 69 32
x 70 31
x 71 30
x 72 29
x 73 28
x 74 27
x 75 26
x 76 25
x 77 24
x 78 23
x 79 22
x 80 21
x 81 20
x 82 19
x 83 18
x 84 17
x 85 16
x 86 15
x 87 14
x 88 13
x 89 12
x 90 11
x 91 10
x 92 9
x 93 8
x 94 7
x 95 6
x 96 5
x 97 4
x 98 3
x 99 2
x 100 1
+ 100 100

Case #98: 300 102
+ 1 1
x 1 100
x 2 99
x 3 98
x 4 97
x 5 96
x 6 95
x 7 94
x 8 93
x 9 92
x 10 91
x 11 90
x 12 89
x 13 88
x 14 87
x 15 86
x 16 85
x 17 84
x 18 83
x 19 82
x 20 81
x 21 80
x 22 79
x 23 78
x 24 77
x 25 76
x 26 75
x 27 74
x 28 73
x 29 72
x 30 71
x 31 70
x 32 69
x 33 68
x 34 67
x 35 66
x 36 65
x 37 64
x 38 63
x 39 62
x 40 61
x 41 60
x 42 59
x 43 58
x 44 57
x 45 56
x 46 55
x 47 54
x 48 53
x 49 52
x 50 51
x 51 50
x 52 49
x 53 48
x 54 47
x 55 46
x 56 45
x 57 44
x 58 43
x 59 42
x 60 41
x 61 40
x 62 39
x 63 38
x 64 37
x 65 36
x 66 35
x 67 34
x 68 33
x 69 32
x 70 31
x 71 30
x 72 29
x 73 28
x 74 27
x 75 26
x 76 25
x 77 24
x 78 23
x 79 22
x 80 21
x 81 20
x 82 19
x 83 18
x 84 17
x 85 16
x 86 15
x 87 14
x 88 13
x 89 12
x 90 11
x 91 10
x 92 9
x 93 8
x 94 7
x 95 6
x 96 5
x 97 4
x 98 3
x 99 2
x 100 1
+ 100 100

Case #99: 300 102
+ 1 1
x 1 100
x 2 99
x 3 98
x 4 97
x 5 96
x 6 95
x 7 94
x 8 93
x 9 92
x 10 91
x 11 90
x 12 89
x 13 88
x 14 87
x 15 86
x 16 85
x 17 84
x 18 83
x 19 82
x 20 81
x 21 80
x 22 79
x 23 78
x 24 77
x 25 76
x 26 75
x 27 74
x 28 73
x 29 72
x 30 71
x 31 70
x 32 69
x 33 68
x 34 67
x 35 66
x 36 65
x 37 64
x 38 63
x 39 62
x 40 61
x 41 60
x 42 59
x 43 58
x 44 57
x 45 56
x 46 55
x 47 54
x 48 53
x 49 52
x 50 51
x 51 50
x 52 49
x 53 48
x 54 47
x 55 46
x 56 45
x 57 44
x 58 43
x 59 42
x 60 41
x 61 40
x 62 39
x 63 38
x 64 37
x 65 36
x 66 35
x 67 34
x 68 33
x 69 32
x 70 31
x 71 30
x 72 29
x 73 28
x 74 27
x 75 26
x 76 25
x 77 24
x 78 23
x 79 22
x 80 21
x 81 20
x 82 19
x 83 18
x 84 17
x 85 16
x 86 15
x 87 14
x 88 13
x 89 12
x 90 11
x 91 10
x 92 9
x 93 8
x 94 7
x 95 6
x 96 5
x 97 4
x 98 3
x 99 2
x 100 1
+ 100 100

Case #100: 112 38
+ 1 1
x 2 37
x 3 36
x 4 35
x 5 34
x 6 33
x 7 32
x 8 31
x 9 30
x 10 29
x 11 28
x 12 27
x 13 26
x 14 25
x 15 24
x 16 23
x 17 22
x 18 20
x 19 19
x 20 18
x 21 17
x 22 16
x 23 15
x 24 14
x 25 13
x 26 12
x 27 11
x 28 10
x 29 9
x 30 8
x 31 7
x 32 6
x 33 5
x 34 4
x 35 3
x 36 2
x 37 1
+ 37 37

Case #101: 6 4
+ 1 1
x 1 2
x 2 1
+ 2 2

