Case #1: 1
1 1
Case #2: 3
1 3
2 2
3 1
Case #3: 3
5 2
6 4
2 3
Case #4: 0
Case #5: 16
13 37
10 22
14 53
20 60
3 7
19 56
17 59
5 10
18 55
7 19
2 11
16 58
4 8
9 1
15 44
11 20
Case #6: 16
17 33
16 51
9 21
19 52
12 32
5 10
14 54
7 15
10 18
15 60
20 50
2 2
11 28
18 55
4 8
3 1
Case #7: 27
25 66
1 2
5 31
22 60
26 64
4 14
10 39
2 1
3 11
13 10
24 61
8 57
14 3
21 54
7 22
12 30
9 28
20 32
19 47
17 38
18 59
15 16
6 15
16 63
23 62
27 67
11 25
Case #8: 12
63 2
64 62
84 82
85 1
45 22
65 42
41 12
82 16
62 15
81 6
83 21
61 17
Case #9: 16
36 20
35 14
60 22
58 10
62 12
61 11
59 1
29 2
28 8
39 9
38 7
32 5
34 13
26 3
33 4
27 6
Case #10: 7
100 52
90 1
60 81
80 61
1 42
41 2
21 22
Case #11: 64
90 87
29 29
32 28
15 3
81 69
52 47
61 59
1 4
66 50
27 21
24 19
16 11
30 25
46 31
62 60
11 8
64 51
83 90
71 71
31 23
84 89
44 36
85 82
26 32
57 52
56 67
88 73
75 72
21 18
8 22
4 7
9 26
5 6
17 12
60 53
48 45
36 61
49 44
40 49
45 62
41 54
37 13
58 74
68 84
69 83
82 46
47 55
39 63
87 41
78 81
74 75
72 64
79 58
65 39
55 66
51 5
73 10
89 65
80 9
59 17
70 56
63 2
86 57
54 1
Case #12: 35
73 39
74 35
64 25
9 4
53 34
65 36
43 31
40 32
38 28
70 37
55 38
69 30
44 23
56 29
79 24
45 33
34 21
78 22
71 27
36 13
76 15
59 14
57 16
42 26
60 20
35 5
52 8
67 17
39 19
75 6
66 3
77 7
72 18
41 1
37 2
Case #13: 16
65 41
67 81
87 1
86 2
85 21
66 61
62 38
42 37
82 29
81 32
84 36
21 40
63 27
83 34
41 24
61 31
Case #14: 49
24 26
3 15
38 31
11 12
48 49
7 10
34 50
49 43
6 13
46 47
44 53
9 5
5 4
4 6
26 32
31 28
10 16
14 2
20 40
28 24
27 8
40 7
35 52
25 41
16 20
12 18
47 30
39 35
19 22
33 36
42 44
43 34
30 14
13 3
37 1
1 19
45 39
22 38
29 51
32 37
36 45
41 29
21 23
17 27
18 46
23 42
15 17
2 21
8 11
Case #15: 21
43 15
46 25
50 4
57 14
54 10
58 24
61 19
52 1
47 18
53 16
55 6
60 5
65 22
59 9
44 13
56 3
42 12
49 8
48 2
64 7
51 11
Case #16: 57
5 10
27 31
21 19
38 29
12 22
53 50
22 20
23 41
45 39
20 51
35 37
50 47
10 48
9 42
8 6
26 34
51 36
30 32
56 54
24 28
11 7
4 4
15 15
14 12
7 5
46 11
47 40
1 21
41 26
54 55
28 35
55 30
18 14
33 44
48 43
52 49
17 56
32 38
13 9
44 33
36 24
37 46
29 27
34 53
2 3
49 52
57 57
40 25
3 1
39 45
31 2
43 13
6 8
19 17
25 16
16 18
42 23
Case #17: 43
30 31
32 33
9 21
28 20
33 29
37 40
18 14
36 42
10 13
13 12
27 23
29 34
14 10
17 24
2 3
16 25
25 27
7 6
8 11
34 35
19 5
12 2
5 17
11 30
23 28
38 41
24 19
21 37
1 36
15 22
31 44
6 38
39 43
4 4
3 1
43 9
22 26
35 7
41 39
44 18
26 32
40 16
42 15
Case #18: 12
78 20
61 61
80 40
62 41
79 100
98 60
83 1
82 21
99 80
63 81
81 13
100 2
Case #19: 16
20 33
4 7
2 19
25 38
26 30
34 32
44 46
29 41
33 44
47 47
16 37
36 45
32 43
35 40
37 39
27 42
Case #20: 29
29 71
19 22
30 68
27 67
22 41
2 16
28 66
24 55
4 4
11 21
1 3
26 69
8 11
15 24
12 17
31 62
6 10
3 9
5 2
21 35
25 70
17 20
14 31
9 29
7 13
18 44
10 33
23 53
13 48
Case #21: 37
75 50
76 31
86 29
57 1
97 82
80 3
78 51
100 32
91 79
84 28
94 70
93 30
87 49
83 58
96 69
81 59
82 57
99 52
77 60
48 72
85 81
58 2
69 24
79 10
92 80
88 16
59 89
68 35
30 36
89 25
95 71
70 90
50 62
60 17
49 11
90 45
98 83
Case #22: 47
52 51
22 17
30 36
3 13
45 47
8 2
26 46
17 10
49 39
23 23
14 7
36 43
12 6
6 42
5 14
33 33
44 31
13 12
15 8
42 48
4 32
37 53
10 11
20 45
51 52
27 49
47 18
7 40
41 41
29 28
19 20
28 44
18 37
16 25
39 38
9 24
24 19
48 50
11 26
43 34
34 21
40 27
32 22
46 35
38 16
21 29
31 30
Case #23: 18
14 7
16 9
19 10
17 4
11 16
18 1
2 2
8 3
15 8
13 15
6 20
10 6
5 12
4 14
20 11
12 5
3 19
9 13
Case #24: 30
34 5
30 4
27 6
67 33
62 35
73 34
75 26
50 30
64 24
66 32
57 20
68 22
59 29
51 28
58 27
63 23
74 25
52 13
55 31
60 18
69 19
54 10
56 17
72 14
70 11
53 16
71 9
61 15
65 2
49 1
Case #25: 24
16 65
10 45
21 62
23 52
2 15
24 53
11 59
22 46
12 18
15 58
9 36
19 47
18 63
25 64
7 30
3 5
20 43
4 25
13 37
5 26
8 29
14 28
17 21
6 27
Case #26: 24
7 62
6 17
16 20
2 57
4 58
5 45
15 23
8 26
20 56
9 10
3 32
23 54
24 55
13 11
18 22
10 8
14 16
22 64
21 24
19 61
1 47
17 59
25 9
12 33
Case #27: 20
1 1
9 8
13 5
16 10
10 11
20 14
4 2
12 9
18 3
7 16
14 4
3 20
11 12
17 15
19 19
6 6
2 7
15 13
8 17
5 18
Case #28: 53
45 55
47 29
48 42
50 51
11 8
22 36
49 43
51 17
3 30
43 40
53 45
36 16
38 34
19 20
41 37
46 39
44 50
1 44
5 18
27 49
7 5
4 2
9 3
14 10
24 35
23 21
32 31
40 33
34 1
21 22
35 25
37 27
31 47
10 9
30 12
33 23
39 53
13 26
25 54
20 15
29 11
6 24
2 41
28 28
17 14
16 4
15 6
12 52
52 32
18 19
26 13
42 38
8 7
Case #29: 33
15 12
10 10
30 16
27 26
49 49
19 11
31 28
26 20
62 55
69 71
25 23
72 69
46 37
36 31
75 77
28 17
70 59
64 65
51 53
11 7
3 1
53 48
32 21
50 60
54 64
37 30
39 39
52 61
41 32
44 46
63 58
66 62
43 42
Case #30: 1
1 1
Case #31: 36
90 21
69 41
50 61
70 2
89 81
68 1
2 13
46 14
86 15
67 17
1 3
84 4
63 10
65 8
3 18
25 19
23 9
66 7
4 12
87 6
62 11
61 5
83 20
88 16
45 34
85 23
43 36
81 35
42 39
44 42
41 27
82 33
22 29
64 82
21 40
24 28
Case #32: 11
19 9
15 7
17 10
16 4
13 16
9 1
10 3
6 2
18 15
5 8
20 12
Case #33: 23
23 53
22 46
24 52
29 57
26 22
18 55
32 68
14 54
28 47
31 45
25 59
8 5
17 21
30 63
15 56
19 18
13 24
16 17
27 15
20 58
21 61
2 26
4 28
Case #34: 85
66 67
64 63
68 44
71 57
74 75
69 54
83 86
63 76
72 73
38 38
7 10
8 5
17 3
13 14
9 4
3 17
25 34
86 87
80 71
30 16
19 21
49 64
62 41
36 31
60 61
21 33
42 42
67 85
61 52
34 60
23 68
45 51
46 53
35 45
39 40
75 74
50 66
27 48
85 69
73 72
53 81
77 50
57 78
51 62
59 65
76 79
70 70
54 82
16 18
24 24
65 58
43 55
81 56
84 80
48 36
32 46
2 7
40 27
29 20
37 47
28 15
22 13
1 6
6 28
14 11
4 19
11 1
31 32
44 39
47 77
10 8
41 37
82 88
78 49
79 83
12 25
55 35
52 29
5 2
26 22
33 43
56 59
18 30
20 9
15 12
Case #35: 4
67 17
57 18
47 19
41 16
Case #36: 41
7 12
27 20
13 8
21 2
26 27
20 41
30 38
24 16
39 9
22 24
17 15
25 43
29 22
37 21
19 19
9 18
23 23
46 42
18 17
16 10
14 11
40 30
42 25
41 3
36 6
15 37
45 33
8 4
43 5
47 31
34 34
44 32
11 14
12 13
31 39
10 7
35 28
33 26
32 29
28 36
38 35
Case #37: 50
4 24
14 94
16 56
74 74
12 12
40 80
80 100
72 52
50 30
30 50
44 4
6 26
46 6
82 82
91 72
100 90
28 48
20 60
56 76
24 44
99 20
66 46
8 68
48 28
60 40
95 96
76 16
70 10
78 18
88 88
32 32
62 2
34 34
68 8
90 70
58 38
97 98
42 22
93 54
38 58
84 84
52 92
86 66
54 14
36 36
64 64
18 78
26 86
2 42
22 62
Case #38: 12
21 20
19 24
27 31
25 26
15 11
37 36
32 30
9 8
14 15
18 21
11 9
4 7
Case #39: 0
Case #40: 77
33 32
55 71
66 31
85 29
76 51
95 33
50 11
49 53
41 80
60 61
63 52
59 83
61 70
73 3
92 50
78 1
51 90
72 2
32 73
81 30
54 59
64 60
87 17
83 58
82 36
86 25
42 72
43 63
71 82
74 26
94 81
57 91
31 12
62 18
52 37
34 75
53 84
44 38
80 45
70 46
39 47
67 86
65 22
58 44
84 85
100 64
88 43
45 6
37 55
36 8
46 7
35 14
38 9
27 89
56 41
77 76
96 92
93 54
68 39
98 23
91 62
47 56
48 40
97 87
20 74
40 77
75 78
79 65
28 4
90 66
30 20
69 93
29 19
19 27
10 68
99 67
89 48
Case #41: 14
8 3
5 5
16 4
7 10
13 2
17 1
9 15
12 6
15 16
14 13
18 12
20 14
19 7
10 11
Case #42: 26
39 10
50 32
28 30
48 43
43 38
44 45
47 34
46 44
49 39
45 28
42 27
10 11
11 2
31 15
26 18
12 6
29 20
9 1
24 19
17 16
13 9
16 5
25 4
41 12
32 8
30 7
Case #43: 67
73 31
81 33
52 50
86 32
63 30
64 51
83 29
54 71
56 70
95 1
67 58
94 2
65 60
84 59
87 80
82 52
91 61
61 83
53 81
51 82
72 53
55 73
45 11
58 3
62 90
92 72
75 36
85 25
71 89
74 17
38 26
93 84
47 27
44 12
37 91
46 37
48 63
66 86
96 85
57 18
39 64
49 45
76 43
77 62
69 6
80 44
98 75
97 46
9 38
68 22
40 47
19 39
30 8
90 23
89 54
59 55
50 9
99 41
78 56
60 14
29 7
20 87
88 78
79 77
100 76
70 74
10 40
Case #44: 20
44 21
39 16
38 15
43 19
37 20
51 22
45 9
61 23
11 2
22 1
52 14
62 18
23 7
13 6
19 3
12 5
59 13
20 4
63 11
60 8
Case #45: 100
5 3
45 48
22 7
44 14
11 10
79 75
58 54
14 15
73 73
16 11
8 5
62 39
83 43
84 18
1 49
6 85
94 98
30 46
76 99
55 21
27 17
69 38
47 45
80 9
13 44
87 2
95 35
2 87
15 71
20 100
67 29
81 91
68 65
51 84
50 53
18 58
19 64
88 33
72 32
31 25
77 90
57 86
60 93
49 50
28 22
70 63
63 59
36 83
75 74
4 42
34 78
85 80
74 97
91 26
52 55
54 94
7 16
56 56
66 1
32 30
23 19
40 79
59 28
41 66
53 51
99 62
12 95
98 47
24 72
9 6
38 36
96 27
17 12
97 96
39 34
90 89
100 92
48 52
78 81
86 82
93 88
37 77
46 57
3 69
21 24
33 20
64 60
89 41
10 31
26 70
35 68
65 61
42 40
82 23
25 8
61 37
29 13
43 76
71 4
92 67
Case #46: 94
63 50
61 80
57 71
54 51
88 83
56 2
34 29
97 70
31 52
12 31
39 53
26 32
29 90
79 3
99 30
49 61
14 11
37 36
68 25
46 73
98 33
32 60
87 1
81 59
86 17
85 58
17 91
24 63
71 12
33 82
40 26
91 18
95 37
84 81
58 72
9 45
53 44
23 46
20 84
64 47
55 22
92 38
42 64
21 75
77 85
75 43
62 89
44 6
43 86
60 54
8 74
36 23
67 78
83 39
76 62
52 77
80 14
100 76
82 8
65 92
66 93
38 56
72 55
96 40
18 9
11 41
51 87
78 7
74 4
93 65
45 19
22 27
89 66
41 20
30 34
94 67
73 48
59 68
13 88
16 24
10 49
70 16
28 10
69 13
27 21
50 100
48 79
35 69
47 57
19 5
90 42
7 28
25 15
15 35
Case #47: 53
6 29
44 39
22 22
3 2
28 25
33 37
47 42
20 15
9 6
4 1
43 41
17 20
23 12
1 3
49 47
39 7
25 24
7 13
40 33
8 5
27 14
32 23
26 36
30 31
10 10
12 43
53 17
31 27
41 38
11 49
38 26
50 53
24 28
52 30
46 40
13 18
16 9
48 51
29 32
51 34
45 16
2 8
35 21
21 19
5 52
36 11
34 45
14 4
15 35
37 48
19 50
42 46
18 44
Case #48: 32
12 23
22 16
15 22
20 25
13 13
43 44
39 36
40 41
37 38
9 14
29 34
45 43
33 29
19 21
34 35
26 31
7 10
27 33
44 46
4 8
48 39
35 40
1 9
16 4
10 17
8 7
11 2
6 5
36 26
38 30
3 1
2 6
Case #49: 70
52 12
39 100
56 56
48 88
46 6
61 22
59 38
45 66
41 62
57 98
79 60
75 54
40 40
77 96
90 52
58 58
44 4
69 50
65 44
76 16
67 86
63 42
82 64
80 80
78 18
24 24
42 2
25 26
43 82
94 94
71 70
53 74
96 78
60 20
81 9
62 11
68 48
31 92
98 19
36 76
38 36
92 14
37 34
74 13
55 32
54 72
72 3
73 30
30 10
33 90
86 8
88 1
70 17
51 28
50 68
49 46
66 15
84 7
47 84
64 5
89 37
99 99
100 35
97 31
87 25
83 29
91 91
93 73
85 39
95 75
Case #50: 6
10 41
9 46
11 44
14 40
12 43
13 39
Case #51: 35
12 4
14 2
13 6
24 12
37 34
33 27
15 8
21 16
25 9
38 35
41 38
11 15
28 42
40 39
36 36
20 7
31 41
22 40
45 45
42 44
35 28
44 20
19 10
34 3
29 37
26 21
23 26
39 5
17 19
16 13
32 22
27 18
43 43
18 14
30 17
Case #52: 33
40 10
45 6
36 20
38 1
15 4
4 2
1 33
33 12
2 16
42 21
20 23
11 25
17 27
41 28
25 11
16 7
22 8
13 34
37 45
23 24
12 5
18 29
24 38
3 39
44 26
32 9
19 32
39 13
35 30
43 17
21 14
14 31
34 18
Case #53: 13
9 3
14 6
8 12
18 4
17 5
3 7
4 17
13 2
20 11
15 19
19 13
10 14
5 9
Case #54: 34
75 41
79 40
26 32
16 11
11 5
15 14
43 30
3 23
13 22
12 13
80 31
53 33
86 34
51 26
78 42
21 17
77 39
52 27
28 18
83 37
20 25
8 10
27 9
18 16
81 35
22 15
84 38
19 24
35 1
36 8
17 2
85 36
10 3
9 4
Case #55: 26
37 32
20 14
40 34
35 40
19 16
16 4
36 25
23 15
10 6
8 3
22 13
21 9
32 17
13 2
11 8
9 5
15 11
12 1
33 18
43 45
42 22
44 42
34 26
41 33
38 43
45 19
Case #56: 16
21 24
17 15
22 26
3 22
23 28
13 56
19 59
11 47
15 19
12 31
2 12
18 27
16 54
20 10
10 51
1 16
Case #57: 30
9 15
4 31
14 22
15 30
20 47
33 73
7 14
31 69
5 27
17 34
10 25
30 46
1 9
22 58
6 16
23 63
11 24
16 8
3 13
13 67
27 68
25 64
18 32
2 10
21 54
32 72
8 29
28 39
26 66
19 65
Case #58: 6
43 6
1 7
64 31
34 15
35 16
33 3
Case #59: 19
15 49
10 31
5 36
8 34
9 16
1 15
6 5
7 40
22 45
4 10
2 22
27 47
16 43
23 46
20 41
19 48
30 70
21 38
3 32
Case #60: 18
54 22
43 14
63 3
71 32
69 6
26 2
67 7
68 18
59 4
48 1
50 17
57 21
70 8
72 5
53 20
49 16
55 19
52 15
Case #61: 16
11 15
8 5
12 2
13 6
7 4
17 1
16 3
6 11
5 12
10 16
14 10
15 9
19 7
9 8
18 18
20 13
Case #62: 34
39 40
40 37
26 39
9 11
14 16
27 23
6 10
25 26
20 24
30 32
34 31
37 38
18 18
24 25
16 14
29 29
10 8
15 4
17 19
31 30
21 28
8 12
12 7
11 6
7 13
36 20
32 33
19 22
28 5
23 1
13 3
22 27
35 34
33 2
Case #63: 21
7 28
16 30
5 6
9 38
6 21
21 61
15 29
20 57
13 40
2 27
12 37
3 25
4 26
11 14
10 49
1 13
18 44
17 58
19 39
14 35
8 33
Case #64: 46
12 8
11 7
9 9
23 27
14 10
36 40
41 39
28 24
2 1
15 3
6 13
10 17
32 31
46 45
45 38
33 12
40 37
29 34
25 26
8 16
35 32
42 36
18 30
20 4
21 14
44 33
37 42
39 35
17 6
30 23
26 25
43 46
16 5
48 41
19 20
31 44
27 29
13 11
22 21
34 22
24 43
47 28
38 19
1 18
3 2
4 15
Case #65: 24
7 30
25 26
18 44
26 65
23 35
2 28
19 57
15 52
20 48
22 45
4 34
3 27
9 56
16 32
5 50
13 46
10 42
24 53
17 49
21 62
11 43
8 59
1 5
12 51
Case #66: 14
16 7
15 9
14 4
17 10
13 1
11 16
9 2
18 15
19 3
12 8
20 13
10 19
6 12
5 5
Case #67: 0
Case #68: 38
5 29
12 39
16 2
9 14
35 23
32 9
25 35
3 24
7 28
21 30
15 36
28 21
11 18
33 1
29 20
17 5
31 11
26 27
37 7
36 19
39 12
40 16
14 40
13 6
6 33
8 26
10 38
23 32
19 34
34 13
30 17
27 25
2 3
20 10
22 31
24 37
38 4
18 22
Case #69: 16
38 22
35 6
36 20
33 17
31 7
39 21
34 16
30 14
60 23
37 10
44 13
24 12
55 3
56 1
32 2
54 11
Case #70: 15
24 21
22 20
35 33
3 2
16 14
21 23
14 19
34 35
31 25
15 11
2 1
27 27
10 6
1 3
42 32
Case #71: 35
13 1
20 11
6 6
33 14
18 4
14 2
26 28
3 9
17 7
42 30
36 15
31 5
22 10
37 12
4 13
10 8
43 31
16 27
30 33
1 34
45 26
15 3
11 45
27 17
21 18
35 22
34 46
38 24
39 19
46 20
19 25
12 29
41 21
40 39
32 35
Case #72: 36
17 12
6 4
35 39
34 35
26 40
21 37
5 6
14 1
16 19
29 30
19 20
4 5
23 26
31 32
38 38
37 36
39 27
27 29
24 25
32 34
36 18
33 33
13 13
15 17
40 31
20 3
28 21
25 9
30 2
22 8
7 14
12 15
11 23
10 11
18 7
3 10
Case #73: 18
47 2
62 31
56 21
64 25
60 26
72 32
71 24
15 13
16 8
11 11
12 3
63 28
65 29
61 27
14 10
55 30
13 9
31 1
Case #74: 33
4 9
27 61
32 55
35 56
20 18
34 28
28 37
33 48
37 44
24 40
17 35
36 60
23 31
26 77
31 27
7 10
13 20
6 5
11 51
25 8
1 3
8 53
30 72
10 7
21 73
18 14
16 57
14 32
12 74
9 50
19 38
15 11
29 45
Case #75: 1
1 1
Case #76: 35
7 7
23 37
30 29
16 25
39 33
43 44
25 28
34 36
11 8
35 30
17 26
38 27
42 35
27 34
20 31
26 43
40 32
10 15
15 2
18 13
8 1
44 14
14 19
36 40
6 39
37 38
12 12
19 42
33 18
29 41
31 11
28 17
41 10
9 16
32 9
Case #77: 19
21 10
20 20
37 32
4 1
22 12
27 23
41 39
34 31
44 33
49 47
39 38
10 3
18 9
17 4
24 22
33 35
25 21
1 2
42 36
Case #78: 12
26 2
38 3
64 21
21 5
61 24
7 1
62 23
65 9
59 20
63 25
60 19
58 15
Case #79: 39
19 24
21 32
38 30
16 36
4 4
35 29
3 6
30 28
37 33
18 1
11 14
25 20
9 9
34 35
23 27
41 39
5 5
24 31
7 15
17 26
28 19
12 13
26 3
33 8
20 17
10 18
22 38
36 12
31 37
29 10
14 16
27 25
13 23
40 34
39 2
8 7
15 11
32 21
6 22
Case #80: 100
31 82
5 70
12 2
33 62
8 16
25 76
13 44
68 98
81 52
16 26
49 78
18 88
64 94
1 22
15 4
17 46
39 68
2 64
79 30
22 32
56 86
71 42
3 66
4 8
55 24
45 54
29 38
10 40
58 28
23 12
66 36
77 6
11 84
19 90
85 96
43 14
9 58
35 17
14 19
26 56
73 3
70 60
47 5
30 100
48 18
28 74
69 1
88 7
27 34
21 92
44 13
60 50
24 9
6 72
37 48
41 11
7 10
20 20
50 80
97 15
76 85
38 49
67 79
61 73
59 67
36 47
46 97
54 83
87 95
65 75
75 63
99 99
34 31
83 55
53 37
89 35
63 71
57 29
95 25
84 91
86 53
32 39
94 23
52 43
78 27
42 33
40 21
51 81
93 41
82 57
74 51
92 59
62 45
80 65
72 61
90 77
96 69
100 93
98 89
91 87
Case #81: 39
7 24
9 34
36 20
24 31
17 1
38 16
19 38
21 30
10 25
33 36
16 27
27 29
32 21
22 3
31 9
30 22
13 4
18 7
28 18
39 26
20 39
6 19
41 28
12 33
29 14
40 2
26 10
23 35
25 6
42 11
8 37
34 23
35 8
43 5
37 12
5 17
15 32
11 15
14 13
Case #82: 56
41 36
49 51
7 5
4 8
40 18
39 56
58 41
51 52
17 24
56 53
47 29
38 45
11 40
48 28
54 14
30 46
5 7
22 13
31 25
20 1
26 37
42 42
16 10
29 31
15 23
32 34
52 22
37 15
19 33
13 17
21 9
34 35
9 20
24 30
27 6
55 26
25 11
36 49
6 21
12 38
14 12
50 47
35 4
10 3
18 2
23 32
8 16
2 43
33 48
28 39
53 54
43 27
45 19
46 44
57 50
44 55
Case #83: 13
53 2
52 15
55 13
49 16
50 19
48 4
57 5
60 18
59 20
51 3
54 1
58 14
56 17
Case #84: 0
Case #85: 60
39 18
43 4
51 10
44 84
45 44
55 94
75 74
62 42
57 76
60 60
77 96
49 8
65 26
59 100
73 32
72 92
87 66
53 12
93 54
68 48
61 62
81 2
95 36
63 82
67 28
79 78
71 52
69 70
74 34
85 86
97 38
83 22
89 30
99 40
91 90
76 16
56 56
82 11
96 19
36 14
54 72
94 13
40 80
78 98
92 17
52 50
50 88
70 68
90 15
64 24
66 46
88 3
48 6
86 5
46 64
84 7
58 58
80 20
100 9
98 1
Case #86: 19
64 22
68 14
66 10
65 13
20 1
53 15
60 16
63 12
50 11
71 30
58 27
55 26
61 25
69 24
59 23
67 28
56 29
54 31
70 32
Case #87: 14
17 18
36 33
42 42
12 13
24 14
16 11
11 12
15 16
48 44
43 43
14 15
41 46
45 54
44 56
Case #88: 24
51 21
23 6
54 16
65 30
58 14
55 15
44 7
47 1
39 22
46 13
42 20
49 17
53 26
59 12
50 3
57 25
43 5
40 19
38 11
45 23
56 9
41 24
48 18
52 28
Case #89: 85
35 52
76 83
37 31
70 90
81 30
57 71
33 32
71 80
21 50
51 33
74 51
78 61
69 53
23 25
68 73
58 17
79 3
52 70
85 29
83 58
53 59
67 60
88 36
91 11
32 91
62 82
86 18
49 26
80 37
82 12
84 81
61 63
34 72
54 86
75 6
45 22
63 46
87 89
89 38
66 47
65 75
92 44
44 85
73 84
96 45
77 43
36 64
22 8
31 39
27 76
41 54
72 40
93 23
97 7
43 41
47 9
28 93
42 56
64 62
48 92
90 87
100 55
94 74
38 77
46 78
18 65
39 2
95 4
55 1
56 14
25 20
24 19
99 66
26 27
19 34
50 48
59 67
98 15
60 68
9 21
20 42
40 69
30 16
29 5
10 88
Case #90: 45
8 7
40 46
26 31
18 9
56 52
5 3
11 2
19 14
51 47
50 48
10 21
30 41
52 39
41 42
36 24
48 34
9 13
45 28
1 16
28 38
32 37
35 32
29 30
24 51
7 10
13 17
37 36
21 1
39 53
4 8
27 50
12 11
47 45
20 18
43 29
44 19
46 4
14 12
42 20
38 25
33 27
34 33
16 15
55 49
6 5
Case #91: 31
43 25
64 29
39 28
61 31
47 20
65 32
72 30
52 2
67 26
60 12
68 27
62 11
70 24
59 8
57 5
41 4
66 22
40 16
63 9
49 3
44 23
50 13
71 10
55 15
53 7
46 6
69 18
54 17
45 1
58 14
56 21
Case #92: 0
Case #93: 25
31 63
34 58
24 64
10 16
17 51
28 67
9 31
26 49
23 50
27 44
22 41
16 33
19 26
8 10
33 74
15 32
6 14
13 22
18 38
7 13
30 23
29 60
25 43
32 72
21 15
Case #94: 27
32 16
26 19
10 7
6 2
36 36
12 14
31 31
25 17
35 26
33 23
5 8
24 11
49 34
22 6
38 32
1 4
34 25
44 35
27 22
43 33
37 20
4 5
40 28
30 41
42 44
41 45
45 40
Case #95: 42
42 45
51 48
46 50
4 11
14 7
7 10
33 29
5 8
26 18
36 32
38 30
41 37
27 35
2 4
1 9
19 5
37 43
35 28
17 13
30 53
25 49
39 33
15 12
31 19
23 24
32 31
18 2
12 22
49 42
48 54
13 6
24 41
28 3
16 20
29 44
45 25
34 1
20 36
44 47
47 26
11 17
50 38
Case #96: 38
47 47
33 29
40 49
28 25
26 24
44 51
17 15
15 14
14 8
36 38
55 52
52 26
46 30
3 18
27 22
10 13
16 21
4 1
20 7
9 11
8 16
13 12
12 20
7 6
11 17
21 19
19 23
45 50
38 48
37 46
39 33
49 41
42 37
43 31
34 54
35 32
48 28
41 27
Case #97: 59
14 13
50 43
12 9
38 30
57 65
18 15
66 66
63 62
7 1
22 22
53 56
60 61
6 5
44 45
62 63
13 11
42 21
59 64
21 6
15 4
3 2
20 18
48 36
55 51
4 8
58 48
36 23
16 19
51 44
64 59
27 17
17 16
32 25
39 37
40 28
28 29
5 3
54 60
11 7
49 27
10 12
65 55
25 38
41 54
8 52
26 46
9 53
19 57
35 49
23 50
24 47
31 58
45 32
43 26
33 33
47 31
34 24
46 34
37 39
Case #98: 38
26 25
8 3
36 32
15 26
37 40
40 21
27 24
23 6
17 33
13 29
3 5
9 12
19 15
31 36
11 10
21 38
4 19
25 9
10 11
12 8
5 2
20 16
35 28
29 31
14 13
16 18
22 14
38 22
28 7
41 41
39 30
24 4
33 37
18 20
32 27
34 34
2 1
1 23
Case #99: 44
57 68
64 32
43 47
30 26
40 42
67 71
66 53
28 30
56 48
38 31
55 1
73 10
45 67
46 11
61 73
68 62
26 27
44 29
35 46
37 28
70 45
42 6
71 72
24 25
20 3
31 21
54 7
25 22
23 8
29 20
72 15
69 4
65 14
19 5
32 13
39 23
52 16
50 12
22 9
33 18
21 24
34 17
41 19
27 2
Case #100: 33
32 69
18 44
6 12
29 34
12 30
13 18
15 1
2 7
21 42
16 37
1 6
7 15
8 27
17 21
33 70
9 24
31 66
28 72
11 31
24 41
27 56
30 63
19 43
4 9
20 39
23 53
22 45
25 67
10 13
26 60
3 32
14 68
5 59
