Case #1: 1 1
Case #2: IMPOSSIBLE
Case #3: -1 -1 -1
Case #4: 1 -1 -1 2
Case #5: -1 1 1
Check sum failed: [-1, 1, 0, 0] case 6
Case #6: -1 -1 -1 1 -2 -1
Case #7: IMPOSSIBLE
Case #8: -1 1 -2 1 1
Check sum failed: [-1, 0, 0, 1] case 9
Case #9: -1 -1 -3 1 -1 -1
Check sum failed: [-1, 0, 0, 1] case 10
Case #10: -1 -3 -1 -1 1 -2
Case #11: 1 1 -1 -1 3 -2
Case #12: -1 -1 -1 -2 -1
Case #13: IMPOSSIBLE
Check sum failed: [0, -1, 0, 1] case 14
Case #14: -1 1 -2 1 1
Case #15: -1 -1
Case #16: -1 -1 -1 -2
Case #17: -2 1 -1 -1 -1
Case #18: 1 -1 -1 1
Case #19: -1 -1 -1 2 -2 2
Case #20: IMPOSSIBLE
Case #21: 1 2 1 -1
Case #22: 1 -1 -1
Case #23: IMPOSSIBLE
Check sum failed: [-1, 0, 1, 0] case 24
Case #24: -2 1 1 1 -1 1 6 -4 -1
Check sum failed: [-1, 0, 1, 0] case 25
Case #25: -1 -1 1 -3 -1 1
Case #26: -1 -2 1 -1 1
Case #27: -1 -1 1 1
Case #28: -1 1 1 3 -1 1
Case #29: -1 -1 1 -1 -2
Case #30: -2 -2 -1 -1 -1
Case #31: 1 1 -1
Check sum failed: [-2, 0, 1, 1] case 32
Case #32: -1 1 -1 -2 1 1
Check sum failed: [-1, 0, 0, 1] case 33
Case #33: -1 -1 -3 1 1 -1
Case #34: -1 -1
Case #35: -1 -1 1
Check sum failed: [-1, 0, 0, 1] case 36
Case #36: -2 -1 -1 -1 1 -1
Case #37: 1 1
Case #38: -2 1 2 -1 -1
Case #39: -2 1 1 2 1 -1
Case #40: -1 1 1 2
Case #41: -1 -1 -1
Check sum failed: [-1, 0, 1, 0] case 42
Case #42: 1 -1 1 1
Case #43: 1 1 3 1 -2 -1
Case #44: IMPOSSIBLE
Case #45: IMPOSSIBLE
Case #46: -1 -1
Case #47: IMPOSSIBLE
Check sum failed: [-1, 0, 0, 1] case 48
Case #48: 1 3 2 -1 -1 1
Case #49: -1 2 -1 -1 -2
Case #50: -1 -1
Case #51: IMPOSSIBLE
Case #52: IMPOSSIBLE
Case #53: 3 -2 1 -1 2 -1
Case #54: -3 -1 1 -1 3 -2
Case #55: -2 -1 1 1 -2 1
Case #56: -1 -2 -1 -1 -1
Check sum failed: [-1, 1, 0, 0] case 57
Case #57: 1 1 -1 2 -3 -1
Case #58: IMPOSSIBLE
Case #59: -3 2 -3 1 -1 -1
Case #60: IMPOSSIBLE
Case #61: -1 1 1
Case #62: 1 -1 -1
Case #63: 2 -3 -1 1 -1 -1
Check sum failed: [-2, 0, 1, 1] case 64
Case #64: 1 1 1 -1 6 5 3 -1 -1 1 1 1
Case #65: -1 -1 1 2 3 1
Case #66: 2 -1 2 -1 1
Case #67: -1 -1 -1
Case #68: IMPOSSIBLE
Case #69: IMPOSSIBLE
Case #70: 1 2 1 1 1 1
Check sum failed: [-2, 1, 0, 1] case 71
Case #71: 1 1 1 1 1 -1
Case #72: -2 1 -1 3 -1 -2
Case #73: IMPOSSIBLE
Case #74: 1 1
Check sum failed: [-2, 2, 0, 0] case 75
Case #75: -1 1 -1 -1 -1 -1
Case #76: 1 -1 1 -1
Case #77: -1 1 -1
Case #78: -2 -1 1 3 -1 -1
Case #79: IMPOSSIBLE
Case #80: IMPOSSIBLE
Case #81: IMPOSSIBLE
Check sum failed: [-1, 0, 1, 0] case 82
Case #82: -1 -1 -1 1 -1 2
Case #83: -1 -1 1
Case #84: IMPOSSIBLE
Case #85: -1 -1 -1 -2 -1
Case #86: IMPOSSIBLE
Case #87: 1 -1 -2 -2 1
Case #88: -1 1 -1
Case #89: IMPOSSIBLE
Case #90: IMPOSSIBLE
Case #91: IMPOSSIBLE
Case #92: -1 1 -1
Check sum failed: [-1, 1, 0, 0] case 93
Case #93: -1 -1 -1 -1 -1
Case #94: IMPOSSIBLE
Case #95: IMPOSSIBLE
Case #96: -2 -1 -3 -1 -2 1
Case #97: IMPOSSIBLE
Case #98: -1 -2 -2 1
Case #99: IMPOSSIBLE
Case #100: IMPOSSIBLE
